<?xml version="1.0" encoding="UTF-8"?>
<!-- Generated by org.testng.reporters.JUnitReportReporter -->
<testsuite skipped="3" hostname="P04284" name="testCases.api.b2b.manage_addons.TestB2BManageSubscriptionAddonsAPI" tests="18" failures="0" timestamp="2021-10-12T14:37:10 BST" time="30.524" errors="3">
  <testcase name="testB2BAddFeature_API_APNPADDYPOWER" time="0.470" classname="testCases.api.b2b.manage_addons.TestB2BManageSubscriptionAddonsAPI"/>
  <testcase name="testB2BAddFeature_API_5GENAB" time="0.005" classname="testCases.api.b2b.manage_addons.TestB2BManageSubscriptionAddonsAPI">
    <error type="java.lang.IllegalArgumentException" message="No enum constant microservices.backend.eir_catalog_core_backend.enums.SubscriptionAddonBundle.5GENAB">
      <![CDATA[java.lang.IllegalArgumentException: No enum constant microservices.backend.eir_catalog_core_backend.enums.SubscriptionAddonBundle.5GENAB
at java.lang.Enum.valueOf(Unknown Source)
at microservices.backend.eir_catalog_core_backend.enums.SubscriptionAddonBundle.valueOf(SubscriptionAddonBundle.java:1)
at microservices.backend.eir_catalog_core_backend.dao.CatalogCoreDAO.getAddonBundleIDForCode(CatalogCoreDAO.java:313)
at testCases.api.b2b.manage_addons.TestB2BManageSubscriptionAddonsAPI.addAddonOrderManagementAPI(TestB2BManageSubscriptionAddonsAPI.java:297)
at testCases.api.b2b.manage_addons.TestB2BManageSubscriptionAddonsAPI.testB2BAddFeature_API_5GENAB(TestB2BManageSubscriptionAddonsAPI.java:106)
at sun.reflect.NativeMethodAccessorImpl.invoke0(Native Method)
at sun.reflect.NativeMethodAccessorImpl.invoke(Unknown Source)
at sun.reflect.DelegatingMethodAccessorImpl.invoke(Unknown Source)
at java.lang.reflect.Method.invoke(Unknown Source)
at org.testng.internal.MethodInvocationHelper.invokeMethod(MethodInvocationHelper.java:133)
at org.testng.internal.TestInvoker.invokeMethod(TestInvoker.java:584)
at org.testng.internal.TestInvoker.invokeTestMethod(TestInvoker.java:172)
at org.testng.internal.MethodRunner.runInSequence(MethodRunner.java:46)
at org.testng.internal.TestInvoker$MethodInvocationAgent.invoke(TestInvoker.java:804)
at org.testng.internal.TestInvoker.invokeTestMethods(TestInvoker.java:145)
at org.testng.internal.TestMethodWorker.invokeTestMethods(TestMethodWorker.java:146)
at org.testng.internal.TestMethodWorker.run(TestMethodWorker.java:128)
at java.util.ArrayList.forEach(Unknown Source)
at org.testng.TestRunner.privateRun(TestRunner.java:770)
at org.testng.TestRunner.run(TestRunner.java:591)
at org.testng.SuiteRunner.runTest(SuiteRunner.java:402)
at org.testng.SuiteRunner.runSequentially(SuiteRunner.java:396)
at org.testng.SuiteRunner.privateRun(SuiteRunner.java:355)
at org.testng.SuiteRunner.run(SuiteRunner.java:304)
at org.testng.SuiteRunnerWorker.runSuite(SuiteRunnerWorker.java:53)
at org.testng.SuiteRunnerWorker.run(SuiteRunnerWorker.java:96)
at org.testng.TestNG.runSuitesSequentially(TestNG.java:1180)
at org.testng.TestNG.runSuitesLocally(TestNG.java:1102)
at org.testng.TestNG.runSuites(TestNG.java:1032)
at org.testng.TestNG.run(TestNG.java:1000)
at org.testng.remote.AbstractRemoteTestNG.run(AbstractRemoteTestNG.java:115)
at org.testng.remote.RemoteTestNG.initAndRun(RemoteTestNG.java:251)
at org.testng.remote.RemoteTestNG.main(RemoteTestNG.java:77)
]]>
    </error>
  </testcase> <!-- testB2BAddFeature_API_5GENAB -->
  <testcase name="testB2BAddFeature_API_APNBARROW" time="0.716" classname="testCases.api.b2b.manage_addons.TestB2BManageSubscriptionAddonsAPI"/>
  <testcase name="testB2BAddFeature_API_BOLTGUSINT" time="10.181" classname="testCases.api.b2b.manage_addons.TestB2BManageSubscriptionAddonsAPI"/>
  <testcase name="testAddB2BAddonViaAPI20GBDATA" time="0.163" classname="testCases.api.b2b.manage_addons.TestB2BManageSubscriptionAddonsAPI">
    <error type="java.lang.IllegalArgumentException" message="No enum constant microservices.backend.eir_catalog_core_backend.enums.SubscriptionAddonBundle.20GBDATA">
      <![CDATA[java.lang.IllegalArgumentException: No enum constant microservices.backend.eir_catalog_core_backend.enums.SubscriptionAddonBundle.20GBDATA
at java.lang.Enum.valueOf(Unknown Source)
at microservices.backend.eir_catalog_core_backend.enums.SubscriptionAddonBundle.valueOf(SubscriptionAddonBundle.java:1)
at microservices.backend.eir_catalog_core_backend.dao.CatalogCoreDAO.getAddonBundleIDForCode(CatalogCoreDAO.java:313)
at testCases.api.b2b.manage_addons.TestB2BManageSubscriptionAddonsAPI.addAddonOrderManagementAPI(TestB2BManageSubscriptionAddonsAPI.java:297)
at testCases.api.b2b.manage_addons.TestB2BManageSubscriptionAddonsAPI.testAddB2BAddonViaAPI20GBDATA(TestB2BManageSubscriptionAddonsAPI.java:92)
at sun.reflect.NativeMethodAccessorImpl.invoke0(Native Method)
at sun.reflect.NativeMethodAccessorImpl.invoke(Unknown Source)
at sun.reflect.DelegatingMethodAccessorImpl.invoke(Unknown Source)
at java.lang.reflect.Method.invoke(Unknown Source)
at org.testng.internal.MethodInvocationHelper.invokeMethod(MethodInvocationHelper.java:133)
at org.testng.internal.TestInvoker.invokeMethod(TestInvoker.java:584)
at org.testng.internal.TestInvoker.invokeTestMethod(TestInvoker.java:172)
at org.testng.internal.MethodRunner.runInSequence(MethodRunner.java:46)
at org.testng.internal.TestInvoker$MethodInvocationAgent.invoke(TestInvoker.java:804)
at org.testng.internal.TestInvoker.invokeTestMethods(TestInvoker.java:145)
at org.testng.internal.TestMethodWorker.invokeTestMethods(TestMethodWorker.java:146)
at org.testng.internal.TestMethodWorker.run(TestMethodWorker.java:128)
at java.util.ArrayList.forEach(Unknown Source)
at org.testng.TestRunner.privateRun(TestRunner.java:770)
at org.testng.TestRunner.run(TestRunner.java:591)
at org.testng.SuiteRunner.runTest(SuiteRunner.java:402)
at org.testng.SuiteRunner.runSequentially(SuiteRunner.java:396)
at org.testng.SuiteRunner.privateRun(SuiteRunner.java:355)
at org.testng.SuiteRunner.run(SuiteRunner.java:304)
at org.testng.SuiteRunnerWorker.runSuite(SuiteRunnerWorker.java:53)
at org.testng.SuiteRunnerWorker.run(SuiteRunnerWorker.java:96)
at org.testng.TestNG.runSuitesSequentially(TestNG.java:1180)
at org.testng.TestNG.runSuitesLocally(TestNG.java:1102)
at org.testng.TestNG.runSuites(TestNG.java:1032)
at org.testng.TestNG.run(TestNG.java:1000)
at org.testng.remote.AbstractRemoteTestNG.run(AbstractRemoteTestNG.java:115)
at org.testng.remote.RemoteTestNG.initAndRun(RemoteTestNG.java:251)
at org.testng.remote.RemoteTestNG.main(RemoteTestNG.java:77)
]]>
    </error>
  </testcase> <!-- testAddB2BAddonViaAPI20GBDATA -->
  <testcase name="testB2BAddFeature_API_BOLTGBZ1BZ2" time="5.204" classname="testCases.api.b2b.manage_addons.TestB2BManageSubscriptionAddonsAPI"/>
  <testcase name="testB2BAddFeature_API_ROAEU1" time="0.281" classname="testCases.api.b2b.manage_addons.TestB2BManageSubscriptionAddonsAPI"/>
  <testcase name="testB2BAddFeature_API_APNASAVIE" time="2.325" classname="testCases.api.b2b.manage_addons.TestB2BManageSubscriptionAddonsAPI"/>
  <testcase name="testB2BAddFeature_API_10GBDATA" time="0.010" classname="testCases.api.b2b.manage_addons.TestB2BManageSubscriptionAddonsAPI">
    <error type="java.lang.IllegalArgumentException" message="No enum constant microservices.backend.eir_catalog_core_backend.enums.SubscriptionAddonBundle.10GBDATA">
      <![CDATA[java.lang.IllegalArgumentException: No enum constant microservices.backend.eir_catalog_core_backend.enums.SubscriptionAddonBundle.10GBDATA
at java.lang.Enum.valueOf(Unknown Source)
at microservices.backend.eir_catalog_core_backend.enums.SubscriptionAddonBundle.valueOf(SubscriptionAddonBundle.java:1)
at microservices.backend.eir_catalog_core_backend.dao.CatalogCoreDAO.getAddonBundleIDForCode(CatalogCoreDAO.java:313)
at testCases.api.b2b.manage_addons.TestB2BManageSubscriptionAddonsAPI.addAddonOrderManagementAPI(TestB2BManageSubscriptionAddonsAPI.java:297)
at testCases.api.b2b.manage_addons.TestB2BManageSubscriptionAddonsAPI.testB2BAddFeature_API_10GBDATA(TestB2BManageSubscriptionAddonsAPI.java:80)
at sun.reflect.NativeMethodAccessorImpl.invoke0(Native Method)
at sun.reflect.NativeMethodAccessorImpl.invoke(Unknown Source)
at sun.reflect.DelegatingMethodAccessorImpl.invoke(Unknown Source)
at java.lang.reflect.Method.invoke(Unknown Source)
at org.testng.internal.MethodInvocationHelper.invokeMethod(MethodInvocationHelper.java:133)
at org.testng.internal.TestInvoker.invokeMethod(TestInvoker.java:584)
at org.testng.internal.TestInvoker.invokeTestMethod(TestInvoker.java:172)
at org.testng.internal.MethodRunner.runInSequence(MethodRunner.java:46)
at org.testng.internal.TestInvoker$MethodInvocationAgent.invoke(TestInvoker.java:804)
at org.testng.internal.TestInvoker.invokeTestMethods(TestInvoker.java:145)
at org.testng.internal.TestMethodWorker.invokeTestMethods(TestMethodWorker.java:146)
at org.testng.internal.TestMethodWorker.run(TestMethodWorker.java:128)
at java.util.ArrayList.forEach(Unknown Source)
at org.testng.TestRunner.privateRun(TestRunner.java:770)
at org.testng.TestRunner.run(TestRunner.java:591)
at org.testng.SuiteRunner.runTest(SuiteRunner.java:402)
at org.testng.SuiteRunner.runSequentially(SuiteRunner.java:396)
at org.testng.SuiteRunner.privateRun(SuiteRunner.java:355)
at org.testng.SuiteRunner.run(SuiteRunner.java:304)
at org.testng.SuiteRunnerWorker.runSuite(SuiteRunnerWorker.java:53)
at org.testng.SuiteRunnerWorker.run(SuiteRunnerWorker.java:96)
at org.testng.TestNG.runSuitesSequentially(TestNG.java:1180)
at org.testng.TestNG.runSuitesLocally(TestNG.java:1102)
at org.testng.TestNG.runSuites(TestNG.java:1032)
at org.testng.TestNG.run(TestNG.java:1000)
at org.testng.remote.AbstractRemoteTestNG.run(AbstractRemoteTestNG.java:115)
at org.testng.remote.RemoteTestNG.initAndRun(RemoteTestNG.java:251)
at org.testng.remote.RemoteTestNG.main(RemoteTestNG.java:77)
]]>
    </error>
  </testcase> <!-- testB2BAddFeature_API_10GBDATA -->
  <testcase name="testB2BAddFeature_API_BOLTGMT200" time="9.531" classname="testCases.api.b2b.manage_addons.TestB2BManageSubscriptionAddonsAPI"/>
  <testcase name="testB2BAddFeature_API_ROABARRED" time="0.309" classname="testCases.api.b2b.manage_addons.TestB2BManageSubscriptionAddonsAPI"/>
  <testcase name="testB2BAddFeature_API_ROAEA1" time="0.408" classname="testCases.api.b2b.manage_addons.TestB2BManageSubscriptionAddonsAPI"/>
  <testcase name="testB2BAddFeature_API_VPNCUG" time="0.304" classname="testCases.api.b2b.manage_addons.TestB2BManageSubscriptionAddonsAPI"/>
  <testcase name="testB2BAddFeature_API_ROABZ1BZ2" time="0.338" classname="testCases.api.b2b.manage_addons.TestB2BManageSubscriptionAddonsAPI"/>
  <testcase name="testB2BAddFeature_API_ROAUKNI" time="0.279" classname="testCases.api.b2b.manage_addons.TestB2BManageSubscriptionAddonsAPI"/>
  <testcase name="testB2BBulkRemoveSubscriptionAddons" classname="testCases.api.b2b.manage_addons.TestB2BManageSubscriptionAddonsAPI">
    <skipped/>
  </testcase> <!-- testB2BBulkRemoveSubscriptionAddons -->
  <testcase name="testAddB2BAddonViaAPIDataDriven" classname="testCases.api.b2b.manage_addons.TestB2BManageSubscriptionAddonsAPI">
    <skipped/>
  </testcase> <!-- testAddB2BAddonViaAPIDataDriven -->
  <testcase name="testB2BBulkAddSubscriptionAddons" classname="testCases.api.b2b.manage_addons.TestB2BManageSubscriptionAddonsAPI">
    <skipped/>
  </testcase> <!-- testB2BBulkAddSubscriptionAddons -->
</testsuite> <!-- testCases.api.b2b.manage_addons.TestB2BManageSubscriptionAddonsAPI -->
