<?xml version="1.0" encoding="UTF-8"?>
<!-- Generated by org.testng.reporters.JUnitReportReporter -->
<testsuite skipped="4" hostname="P04284" name="testCases.api.ui_api_tests.TestEirPAYGAcquisitionsApi" tests="15" failures="1" timestamp="2021-10-04T13:30:34 BST" time="8.509" errors="0">
  <testcase name="getAvailableHandsetManufacturersForOffer2002" time="0.288" classname="testCases.api.ui_api_tests.TestEirPAYGAcquisitionsApi"/>
  <testcase name="getAvailableAddons" time="0.320" classname="testCases.api.ui_api_tests.TestEirPAYGAcquisitionsApi"/>
  <testcase name="testGetCartDetails" time="0.001" classname="testCases.api.ui_api_tests.TestEirPAYGAcquisitionsApi">
    <skipped/>
  </testcase> <!-- testGetCartDetails -->
  <testcase name="getAvailableDiscounts" time="0.299" classname="testCases.api.ui_api_tests.TestEirPAYGAcquisitionsApi"/>
  <testcase name="getAvailableHandsetsForOffer2001" time="0.248" classname="testCases.api.ui_api_tests.TestEirPAYGAcquisitionsApi"/>
  <testcase name="testPostOfferToCart" time="0.226" classname="testCases.api.ui_api_tests.TestEirPAYGAcquisitionsApi">
    <failure type="java.lang.AssertionError" message="expected:&lt;200&gt; but was:&lt;403&gt;">
      <![CDATA[java.lang.AssertionError: expected:<200> but was:<403>
at org.junit.Assert.fail(Assert.java:89)
at org.junit.Assert.failNotEquals(Assert.java:835)
at org.junit.Assert.assertEquals(Assert.java:647)
at org.junit.Assert.assertEquals(Assert.java:633)
at testCases.api.ui_api_tests.TestEirPAYGAcquisitionsApi.testPostOfferToCart(TestEirPAYGAcquisitionsApi.java:60)
at sun.reflect.NativeMethodAccessorImpl.invoke0(Native Method)
at sun.reflect.NativeMethodAccessorImpl.invoke(Unknown Source)
at sun.reflect.DelegatingMethodAccessorImpl.invoke(Unknown Source)
at java.lang.reflect.Method.invoke(Unknown Source)
at org.testng.internal.MethodInvocationHelper.invokeMethod(MethodInvocationHelper.java:133)
at org.testng.internal.TestInvoker.invokeMethod(TestInvoker.java:584)
at org.testng.internal.TestInvoker.invokeTestMethod(TestInvoker.java:172)
at org.testng.internal.MethodRunner.runInSequence(MethodRunner.java:46)
at org.testng.internal.TestInvoker$MethodInvocationAgent.invoke(TestInvoker.java:804)
at org.testng.internal.TestInvoker.invokeTestMethods(TestInvoker.java:145)
at org.testng.internal.TestMethodWorker.invokeTestMethods(TestMethodWorker.java:146)
at org.testng.internal.TestMethodWorker.run(TestMethodWorker.java:128)
at java.util.ArrayList.forEach(Unknown Source)
at org.testng.TestRunner.privateRun(TestRunner.java:770)
at org.testng.TestRunner.run(TestRunner.java:591)
at org.testng.SuiteRunner.runTest(SuiteRunner.java:402)
at org.testng.SuiteRunner.runSequentially(SuiteRunner.java:396)
at org.testng.SuiteRunner.privateRun(SuiteRunner.java:355)
at org.testng.SuiteRunner.run(SuiteRunner.java:304)
at org.testng.SuiteRunnerWorker.runSuite(SuiteRunnerWorker.java:53)
at org.testng.SuiteRunnerWorker.run(SuiteRunnerWorker.java:96)
at org.testng.TestNG.runSuitesSequentially(TestNG.java:1180)
at org.testng.TestNG.runSuitesLocally(TestNG.java:1102)
at org.testng.TestNG.runSuites(TestNG.java:1032)
at org.testng.TestNG.run(TestNG.java:1000)
at org.testng.remote.AbstractRemoteTestNG.run(AbstractRemoteTestNG.java:115)
at org.testng.remote.RemoteTestNG.initAndRun(RemoteTestNG.java:251)
at org.testng.remote.RemoteTestNG.main(RemoteTestNG.java:77)
]]>
    </failure>
  </testcase> <!-- testPostOfferToCart -->
  <testcase name="getAvailableHandsetsForOffer2002" time="0.354" classname="testCases.api.ui_api_tests.TestEirPAYGAcquisitionsApi"/>
  <testcase name="testLogin" time="5.214" classname="testCases.api.ui_api_tests.TestEirPAYGAcquisitionsApi"/>
  <testcase name="getProspect" time="0.313" classname="testCases.api.ui_api_tests.TestEirPAYGAcquisitionsApi"/>
  <testcase name="testEircodeLookup" time="0.002" classname="testCases.api.ui_api_tests.TestEirPAYGAcquisitionsApi">
    <skipped/>
  </testcase> <!-- testEircodeLookup -->
  <testcase name="testCreateTelesalesProspect" time="0.750" classname="testCases.api.ui_api_tests.TestEirPAYGAcquisitionsApi"/>
  <testcase name="testGetAvailableOffers" time="0.249" classname="testCases.api.ui_api_tests.TestEirPAYGAcquisitionsApi"/>
  <testcase name="testGetHandsetManufacturers" time="0.000" classname="testCases.api.ui_api_tests.TestEirPAYGAcquisitionsApi">
    <skipped/>
  </testcase> <!-- testGetHandsetManufacturers -->
  <testcase name="testGetRefSecurityQuestions" time="0.000" classname="testCases.api.ui_api_tests.TestEirPAYGAcquisitionsApi">
    <skipped/>
  </testcase> <!-- testGetRefSecurityQuestions -->
  <testcase name="getAvailableHandsetManufacturersForOffer2001" time="0.245" classname="testCases.api.ui_api_tests.TestEirPAYGAcquisitionsApi"/>
</testsuite> <!-- testCases.api.ui_api_tests.TestEirPAYGAcquisitionsApi -->
