<?xml version="1.0" encoding="UTF-8"?>
<!-- Generated by org.testng.reporters.JUnitReportReporter -->
<testsuite hostname="DESKTOP-DE4P3P6" failures="0" tests="13" name="testCases.gomo.api.TestGoMoEshopAPI" time="2.211" errors="3" timestamp="2022-04-28T21:51:54 IST" skipped="10">
  <testcase classname="testCases.gomo.api.TestGoMoEshopAPI" name="testOrderCompletion" time="0.001">
    <skipped/>
  </testcase> <!-- testOrderCompletion -->
  <system-out/>
  <testcase classname="testCases.gomo.api.TestGoMoEshopAPI" name="ESH_A_OS_02_testCreateProspect" time="0.253">
    <error message="Could not initialize class io.restassured.RestAssured" type="java.lang.NoClassDefFoundError">
      <![CDATA[java.lang.NoClassDefFoundError: Could not initialize class io.restassured.RestAssured
at utilities.api.RestAssuredUtil.setup(RestAssuredUtil.java:18)
at utilities.api.RestAssuredUtil.galaxionPost(RestAssuredUtil.java:112)
at microservices.frontend.eir_eshop_frontend.api.GoMoEShopAPI.createProspect(GoMoEShopAPI.java:41)
at testCases.gomo.api.TestGoMoEshopAPI.ESH_A_OS_02_testCreateProspect(TestGoMoEshopAPI.java:93)
at java.base/jdk.internal.reflect.NativeMethodAccessorImpl.invoke0(Native Method)
at java.base/jdk.internal.reflect.NativeMethodAccessorImpl.invoke(NativeMethodAccessorImpl.java:62)
at java.base/jdk.internal.reflect.DelegatingMethodAccessorImpl.invoke(DelegatingMethodAccessorImpl.java:43)
at java.base/java.lang.reflect.Method.invoke(Method.java:564)
at org.testng.internal.MethodInvocationHelper.invokeMethod(MethodInvocationHelper.java:133)
at org.testng.internal.TestInvoker.invokeMethod(TestInvoker.java:598)
at org.testng.internal.TestInvoker.invokeTestMethod(TestInvoker.java:173)
at org.testng.internal.MethodRunner.runInSequence(MethodRunner.java:46)
at org.testng.internal.TestInvoker$MethodInvocationAgent.invoke(TestInvoker.java:824)
at org.testng.internal.TestInvoker.invokeTestMethods(TestInvoker.java:146)
at org.testng.internal.TestMethodWorker.invokeTestMethods(TestMethodWorker.java:146)
at org.testng.internal.TestMethodWorker.run(TestMethodWorker.java:128)
at java.base/java.util.ArrayList.forEach(ArrayList.java:1511)
at org.testng.TestRunner.privateRun(TestRunner.java:794)
at org.testng.TestRunner.run(TestRunner.java:596)
at org.testng.SuiteRunner.runTest(SuiteRunner.java:377)
at org.testng.SuiteRunner.runSequentially(SuiteRunner.java:371)
at org.testng.SuiteRunner.privateRun(SuiteRunner.java:332)
at org.testng.SuiteRunner.run(SuiteRunner.java:276)
at org.testng.SuiteRunnerWorker.runSuite(SuiteRunnerWorker.java:53)
at org.testng.SuiteRunnerWorker.run(SuiteRunnerWorker.java:96)
at org.testng.TestNG.runSuitesSequentially(TestNG.java:1212)
at org.testng.TestNG.runSuitesLocally(TestNG.java:1134)
at org.testng.TestNG.runSuites(TestNG.java:1063)
at org.testng.TestNG.run(TestNG.java:1031)
at org.testng.remote.AbstractRemoteTestNG.run(AbstractRemoteTestNG.java:115)
at org.testng.remote.RemoteTestNG.initAndRun(RemoteTestNG.java:251)
at org.testng.remote.RemoteTestNG.main(RemoteTestNG.java:77)
]]>
    </error>
  </testcase> <!-- ESH_A_OS_02_testCreateProspect -->
  <system-out/>
  <testcase classname="testCases.gomo.api.TestGoMoEshopAPI" name="ESH_A_CD_03_getCustomerDetails" time="0.000">
    <skipped/>
  </testcase> <!-- ESH_A_CD_03_getCustomerDetails -->
  <system-out/>
  <testcase classname="testCases.gomo.api.TestGoMoEshopAPI" name="ESH_A_SU_01_getHostedPaymentPage" time="0.000">
    <skipped/>
  </testcase> <!-- ESH_A_SU_01_getHostedPaymentPage -->
  <system-out/>
  <testcase classname="testCases.gomo.api.TestGoMoEshopAPI" name="ESH_A_CT_02_testGetCart" time="0.000">
    <skipped/>
  </testcase> <!-- ESH_A_CT_02_testGetCart -->
  <system-out/>
  <testcase classname="testCases.gomo.api.TestGoMoEshopAPI" name="ESH_A_OS_03_testAddToCart" time="0.000">
    <skipped/>
  </testcase> <!-- ESH_A_OS_03_testAddToCart -->
  <system-out/>
  <testcase classname="testCases.gomo.api.TestGoMoEshopAPI" name="ESH_A_CT_01_testDeleteOfferFromCart" time="0.000">
    <skipped/>
  </testcase> <!-- ESH_A_CT_01_testDeleteOfferFromCart -->
  <system-out/>
  <testcase classname="testCases.gomo.api.TestGoMoEshopAPI" name="ESH_A_CD_02_testEircodeLookup" time="0.343">
    <error message="Could not initialize class io.restassured.RestAssured" type="java.lang.NoClassDefFoundError">
      <![CDATA[java.lang.NoClassDefFoundError: Could not initialize class io.restassured.RestAssured
at utilities.api.RestAssuredUtil.setup(RestAssuredUtil.java:18)
at utilities.api.RestAssuredUtil.galaxionGet(RestAssuredUtil.java:29)
at microservices.frontend.eir_eshop_frontend.api.GoMoEShopAPI.lookupEircode(GoMoEShopAPI.java:113)
at testCases.gomo.api.TestGoMoEshopAPI.ESH_A_CD_02_testEircodeLookup(TestGoMoEshopAPI.java:251)
at java.base/jdk.internal.reflect.NativeMethodAccessorImpl.invoke0(Native Method)
at java.base/jdk.internal.reflect.NativeMethodAccessorImpl.invoke(NativeMethodAccessorImpl.java:62)
at java.base/jdk.internal.reflect.DelegatingMethodAccessorImpl.invoke(DelegatingMethodAccessorImpl.java:43)
at java.base/java.lang.reflect.Method.invoke(Method.java:564)
at org.testng.internal.MethodInvocationHelper.invokeMethod(MethodInvocationHelper.java:133)
at org.testng.internal.TestInvoker.invokeMethod(TestInvoker.java:598)
at org.testng.internal.TestInvoker.invokeTestMethod(TestInvoker.java:173)
at org.testng.internal.MethodRunner.runInSequence(MethodRunner.java:46)
at org.testng.internal.TestInvoker$MethodInvocationAgent.invoke(TestInvoker.java:824)
at org.testng.internal.TestInvoker.invokeTestMethods(TestInvoker.java:146)
at org.testng.internal.TestMethodWorker.invokeTestMethods(TestMethodWorker.java:146)
at org.testng.internal.TestMethodWorker.run(TestMethodWorker.java:128)
at java.base/java.util.ArrayList.forEach(ArrayList.java:1511)
at org.testng.TestRunner.privateRun(TestRunner.java:794)
at org.testng.TestRunner.run(TestRunner.java:596)
at org.testng.SuiteRunner.runTest(SuiteRunner.java:377)
at org.testng.SuiteRunner.runSequentially(SuiteRunner.java:371)
at org.testng.SuiteRunner.privateRun(SuiteRunner.java:332)
at org.testng.SuiteRunner.run(SuiteRunner.java:276)
at org.testng.SuiteRunnerWorker.runSuite(SuiteRunnerWorker.java:53)
at org.testng.SuiteRunnerWorker.run(SuiteRunnerWorker.java:96)
at org.testng.TestNG.runSuitesSequentially(TestNG.java:1212)
at org.testng.TestNG.runSuitesLocally(TestNG.java:1134)
at org.testng.TestNG.runSuites(TestNG.java:1063)
at org.testng.TestNG.run(TestNG.java:1031)
at org.testng.remote.AbstractRemoteTestNG.run(AbstractRemoteTestNG.java:115)
at org.testng.remote.RemoteTestNG.initAndRun(RemoteTestNG.java:251)
at org.testng.remote.RemoteTestNG.main(RemoteTestNG.java:77)
]]>
    </error>
  </testcase> <!-- ESH_A_CD_02_testEircodeLookup -->
  <system-out/>
  <testcase classname="testCases.gomo.api.TestGoMoEshopAPI" name="ESH_A_OS_01_testGetAvailableOffers" time="1.614">
    <error message="Could not initialize class org.codehaus.groovy.reflection.ReflectionCache" type="java.lang.NoClassDefFoundError">
      <![CDATA[java.lang.NoClassDefFoundError: Could not initialize class org.codehaus.groovy.reflection.ReflectionCache
at org.codehaus.groovy.runtime.dgmimpl.NumberNumberMetaMethod.<clinit>(NumberNumberMetaMethod.java:33)
at java.base/jdk.internal.reflect.NativeConstructorAccessorImpl.newInstance0(Native Method)
at java.base/jdk.internal.reflect.NativeConstructorAccessorImpl.newInstance(NativeConstructorAccessorImpl.java:62)
at java.base/jdk.internal.reflect.DelegatingConstructorAccessorImpl.newInstance(DelegatingConstructorAccessorImpl.java:45)
at java.base/java.lang.reflect.Constructor.newInstanceWithCaller(Constructor.java:500)
at java.base/java.lang.reflect.ReflectAccess.newInstance(ReflectAccess.java:124)
at java.base/jdk.internal.reflect.ReflectionFactory.newInstance(ReflectionFactory.java:346)
at java.base/java.lang.Class.newInstance(Class.java:604)
at org.codehaus.groovy.runtime.metaclass.MetaClassRegistryImpl.createMetaMethodFromClass(MetaClassRegistryImpl.java:257)
at org.codehaus.groovy.runtime.metaclass.MetaClassRegistryImpl.<init>(MetaClassRegistryImpl.java:110)
at org.codehaus.groovy.runtime.metaclass.MetaClassRegistryImpl.<init>(MetaClassRegistryImpl.java:85)
at groovy.lang.GroovySystem.<clinit>(GroovySystem.java:36)
at org.codehaus.groovy.runtime.InvokerHelper.<clinit>(InvokerHelper.java:86)
at org.codehaus.groovy.runtime.ScriptBytecodeAdapter.createMap(ScriptBytecodeAdapter.java:635)
at io.restassured.internal.ResponseParserRegistrar.<init>(ResponseParserRegistrar.groovy)
at io.restassured.RestAssured.<clinit>(RestAssured.java:346)
at utilities.api.RestAssuredUtil.setup(RestAssuredUtil.java:18)
at utilities.api.RestAssuredUtil.galaxionGet(RestAssuredUtil.java:29)
at microservices.frontend.eir_eshop_frontend.api.GoMoEShopAPI.getAvailableOffers(GoMoEShopAPI.java:28)
at testCases.gomo.api.TestGoMoEshopAPI.ESH_A_OS_01_testGetAvailableOffers(TestGoMoEshopAPI.java:65)
at java.base/jdk.internal.reflect.NativeMethodAccessorImpl.invoke0(Native Method)
at java.base/jdk.internal.reflect.NativeMethodAccessorImpl.invoke(NativeMethodAccessorImpl.java:62)
at java.base/jdk.internal.reflect.DelegatingMethodAccessorImpl.invoke(DelegatingMethodAccessorImpl.java:43)
at java.base/java.lang.reflect.Method.invoke(Method.java:564)
at org.testng.internal.MethodInvocationHelper.invokeMethod(MethodInvocationHelper.java:133)
at org.testng.internal.TestInvoker.invokeMethod(TestInvoker.java:598)
at org.testng.internal.TestInvoker.invokeTestMethod(TestInvoker.java:173)
at org.testng.internal.MethodRunner.runInSequence(MethodRunner.java:46)
at org.testng.internal.TestInvoker$MethodInvocationAgent.invoke(TestInvoker.java:824)
at org.testng.internal.TestInvoker.invokeTestMethods(TestInvoker.java:146)
at org.testng.internal.TestMethodWorker.invokeTestMethods(TestMethodWorker.java:146)
at org.testng.internal.TestMethodWorker.run(TestMethodWorker.java:128)
at java.base/java.util.ArrayList.forEach(ArrayList.java:1511)
at org.testng.TestRunner.privateRun(TestRunner.java:794)
at org.testng.TestRunner.run(TestRunner.java:596)
at org.testng.SuiteRunner.runTest(SuiteRunner.java:377)
at org.testng.SuiteRunner.runSequentially(SuiteRunner.java:371)
at org.testng.SuiteRunner.privateRun(SuiteRunner.java:332)
at org.testng.SuiteRunner.run(SuiteRunner.java:276)
at org.testng.SuiteRunnerWorker.runSuite(SuiteRunnerWorker.java:53)
at org.testng.SuiteRunnerWorker.run(SuiteRunnerWorker.java:96)
at org.testng.TestNG.runSuitesSequentially(TestNG.java:1212)
at org.testng.TestNG.runSuitesLocally(TestNG.java:1134)
at org.testng.TestNG.runSuites(TestNG.java:1063)
at org.testng.TestNG.run(TestNG.java:1031)
at org.testng.remote.AbstractRemoteTestNG.run(AbstractRemoteTestNG.java:115)
at org.testng.remote.RemoteTestNG.initAndRun(RemoteTestNG.java:251)
at org.testng.remote.RemoteTestNG.main(RemoteTestNG.java:77)
]]>
    </error>
  </testcase> <!-- ESH_A_OS_01_testGetAvailableOffers -->
  <system-out/>
  <testcase classname="testCases.gomo.api.TestGoMoEshopAPI" name="ESH_A_SU_02_testValidateProspect" time="0.000">
    <skipped/>
  </testcase> <!-- ESH_A_SU_02_testValidateProspect -->
  <system-out/>
  <testcase classname="testCases.gomo.api.TestGoMoEshopAPI" name="simulatePayment3DS2" time="0.000">
    <skipped/>
  </testcase> <!-- simulatePayment3DS2 -->
  <system-out/>
  <testcase classname="testCases.gomo.api.TestGoMoEshopAPI" name="ESH_A_CD_04_acceptTermsAndConditions" time="0.000">
    <skipped/>
  </testcase> <!-- ESH_A_CD_04_acceptTermsAndConditions -->
  <system-out/>
  <testcase classname="testCases.gomo.api.TestGoMoEshopAPI" name="ESH_A_CD_01_testUpdateCustomerDetails" time="0.000">
    <skipped/>
  </testcase> <!-- ESH_A_CD_01_testUpdateCustomerDetails -->
  <system-out/>
</testsuite> <!-- testCases.gomo.api.TestGoMoEshopAPI -->
