<?xml version="1.0" encoding="UTF-8"?>
<!-- Generated by org.testng.reporters.JUnitReportReporter -->
<testsuite skipped="1" hostname="P04284" name="testCases.api.ui_api_tests.TestMyGoMoApi" tests="36" failures="1" timestamp="2021-10-12T11:31:11 BST" time="42.197" errors="0">
  <testcase name="validateOTP" time="0.688" classname="testCases.api.ui_api_tests.TestMyGoMoApi"/>
  <testcase name="getBarrings" time="0.847" classname="testCases.api.ui_api_tests.TestMyGoMoApi"/>
  <testcase name="getPayer" time="0.830" classname="testCases.api.ui_api_tests.TestMyGoMoApi"/>
  <testcase name="updateBillingAddress" time="0.800" classname="testCases.api.ui_api_tests.TestMyGoMoApi"/>
  <testcase name="getOffer" time="3.358" classname="testCases.api.ui_api_tests.TestMyGoMoApi"/>
  <testcase name="getAccountBalance" time="0.886" classname="testCases.api.ui_api_tests.TestMyGoMoApi"/>
  <testcase name="getService" time="0.577" classname="testCases.api.ui_api_tests.TestMyGoMoApi"/>
  <testcase name="getReplacementSIMEligibility" time="0.762" classname="testCases.api.ui_api_tests.TestMyGoMoApi"/>
  <testcase name="getTransactionHistory" time="0.243" classname="testCases.api.ui_api_tests.TestMyGoMoApi"/>
  <testcase name="getRatingSubtotalTypes" time="0.645" classname="testCases.api.ui_api_tests.TestMyGoMoApi"/>
  <testcase name="testGetBillingAddress" time="0.478" classname="testCases.api.ui_api_tests.TestMyGoMoApi"/>
  <testcase name="activateSimSwap" time="0.003" classname="testCases.api.ui_api_tests.TestMyGoMoApi">
    <skipped/>
  </testcase> <!-- activateSimSwap -->
  <testcase name="testMakeCardDefault" time="1.130" classname="testCases.api.ui_api_tests.TestMyGoMoApi"/>
  <testcase name="testGetSubscriptions" time="0.546" classname="testCases.api.ui_api_tests.TestMyGoMoApi"/>
  <testcase name="getUsageDetails" time="4.801" classname="testCases.api.ui_api_tests.TestMyGoMoApi"/>
  <testcase name="getNDD" time="0.590" classname="testCases.api.ui_api_tests.TestMyGoMoApi"/>
  <testcase name="testUpdateNDDSetting" time="1.855" classname="testCases.api.ui_api_tests.TestMyGoMoApi"/>
  <testcase name="generateHPP" time="0.955" classname="testCases.api.ui_api_tests.TestMyGoMoApi"/>
  <testcase name="getPermissionsNoLongerCustomer" time="1.754" classname="testCases.api.ui_api_tests.TestMyGoMoApi"/>
  <testcase name="getWebNotifications" time="0.871" classname="testCases.api.ui_api_tests.TestMyGoMoApi"/>
  <testcase name="orderReplacementSIM" time="0.557" classname="testCases.api.ui_api_tests.TestMyGoMoApi">
    <failure type="java.lang.AssertionError" message="expected [404] but found [200]">
      <![CDATA[java.lang.AssertionError: expected [404] but found [200]
at org.testng.Assert.fail(Assert.java:97)
at org.testng.Assert.assertEqualsImpl(Assert.java:136)
at org.testng.Assert.assertEquals(Assert.java:118)
at org.testng.Assert.assertEquals(Assert.java:839)
at org.testng.Assert.assertEquals(Assert.java:849)
at testCases.api.ui_api_tests.TestMyGoMoApi.orderReplacementSIM(TestMyGoMoApi.java:1123)
at sun.reflect.NativeMethodAccessorImpl.invoke0(Native Method)
at sun.reflect.NativeMethodAccessorImpl.invoke(Unknown Source)
at sun.reflect.DelegatingMethodAccessorImpl.invoke(Unknown Source)
at java.lang.reflect.Method.invoke(Unknown Source)
at org.testng.internal.MethodInvocationHelper.invokeMethod(MethodInvocationHelper.java:133)
at org.testng.internal.TestInvoker.invokeMethod(TestInvoker.java:584)
at org.testng.internal.TestInvoker.invokeTestMethod(TestInvoker.java:172)
at org.testng.internal.MethodRunner.runInSequence(MethodRunner.java:46)
at org.testng.internal.TestInvoker$MethodInvocationAgent.invoke(TestInvoker.java:804)
at org.testng.internal.TestInvoker.invokeTestMethods(TestInvoker.java:145)
at org.testng.internal.TestMethodWorker.invokeTestMethods(TestMethodWorker.java:146)
at org.testng.internal.TestMethodWorker.run(TestMethodWorker.java:128)
at java.util.ArrayList.forEach(Unknown Source)
at org.testng.TestRunner.privateRun(TestRunner.java:770)
at org.testng.TestRunner.run(TestRunner.java:591)
at org.testng.SuiteRunner.runTest(SuiteRunner.java:402)
at org.testng.SuiteRunner.runSequentially(SuiteRunner.java:396)
at org.testng.SuiteRunner.privateRun(SuiteRunner.java:355)
at org.testng.SuiteRunner.run(SuiteRunner.java:304)
at org.testng.SuiteRunnerWorker.runSuite(SuiteRunnerWorker.java:53)
at org.testng.SuiteRunnerWorker.run(SuiteRunnerWorker.java:96)
at org.testng.TestNG.runSuitesSequentially(TestNG.java:1180)
at org.testng.TestNG.runSuitesLocally(TestNG.java:1102)
at org.testng.TestNG.runSuites(TestNG.java:1032)
at org.testng.TestNG.run(TestNG.java:1000)
at org.testng.remote.AbstractRemoteTestNG.run(AbstractRemoteTestNG.java:115)
at org.testng.remote.RemoteTestNG.initAndRun(RemoteTestNG.java:251)
at org.testng.remote.RemoteTestNG.main(RemoteTestNG.java:77)
]]>
    </failure>
  </testcase> <!-- orderReplacementSIM -->
  <testcase name="testLogin" time="6.944" classname="testCases.api.ui_api_tests.TestMyGoMoApi"/>
  <testcase name="eircodeLookup" time="1.044" classname="testCases.api.ui_api_tests.TestMyGoMoApi"/>
  <testcase name="getCompletedOrders" time="0.435" classname="testCases.api.ui_api_tests.TestMyGoMoApi"/>
  <testcase name="getPermissionsNoLongerCustomer" time="1.651" classname="testCases.api.ui_api_tests.TestMyGoMoApi"/>
  <testcase name="getFullOrderHistory" time="0.444" classname="testCases.api.ui_api_tests.TestMyGoMoApi"/>
  <testcase name="getBillingAccountID" time="0.314" classname="testCases.api.ui_api_tests.TestMyGoMoApi"/>
  <testcase name="getPortingHours" time="0.444" classname="testCases.api.ui_api_tests.TestMyGoMoApi"/>
  <testcase name="triggerPasswordReset" time="0.391" classname="testCases.api.ui_api_tests.TestMyGoMoApi"/>
  <testcase name="triggerOTP" time="0.476" classname="testCases.api.ui_api_tests.TestMyGoMoApi"/>
  <testcase name="testTriggerForgotEmailOTP" time="2.391" classname="testCases.api.ui_api_tests.TestMyGoMoApi"/>
  <testcase name="updateEmailAddress" time="0.278" classname="testCases.api.ui_api_tests.TestMyGoMoApi"/>
  <testcase name="updateBillingAndDeliveryAddresses" time="1.033" classname="testCases.api.ui_api_tests.TestMyGoMoApi"/>
  <testcase name="testGetDeliveryAddress" time="0.494" classname="testCases.api.ui_api_tests.TestMyGoMoApi"/>
  <testcase name="updateCardExpiryDate" time="1.433" classname="testCases.api.ui_api_tests.TestMyGoMoApi"/>
  <testcase name="getUsageSummary" time="1.249" classname="testCases.api.ui_api_tests.TestMyGoMoApi"/>
</testsuite> <!-- testCases.api.ui_api_tests.TestMyGoMoApi -->
