<?xml version="1.0" encoding="UTF-8"?>
<!-- Generated by org.testng.reporters.JUnitReportReporter -->
<testsuite hostname="DESKTOP-DE4P3P6" failures="0" tests="27" name="testCases.gomo.ui.GoMoSelfCareTests" time="23.005" errors="3" timestamp="2022-04-28T21:49:01 IST" skipped="24">
  <testcase classname="testCases.gomo.ui.GoMoSelfCareTests" name="UI_MGO_A_PY_06_testMakePartialPayment" time="0.144">
    <skipped/>
  </testcase> <!-- UI_MGO_A_PY_06_testMakePartialPayment -->
  <system-out/>
  <testcase classname="testCases.gomo.ui.GoMoSelfCareTests" name="UI_MGO_A_AD_04_testActivateReplacementSIM" time="0.136">
    <skipped/>
  </testcase> <!-- UI_MGO_A_AD_04_testActivateReplacementSIM -->
  <system-out/>
  <testcase classname="testCases.gomo.ui.GoMoSelfCareTests" name="UI_MGO_A_PY_04_testRemoveCard" time="0.137">
    <skipped/>
  </testcase> <!-- UI_MGO_A_PY_04_testRemoveCard -->
  <system-out/>
  <testcase classname="testCases.gomo.ui.GoMoSelfCareTests" name="UI_MGO_A_LP_03_testForgotPassword" time="5.771">
    <skipped/>
  </testcase> <!-- UI_MGO_A_LP_03_testForgotPassword -->
  <system-out/>
  <testcase classname="testCases.gomo.ui.GoMoSelfCareTests" name="UI_MGO_A_PY_05_testAccountBalanceDisplayed" time="0.003">
    <skipped/>
  </testcase> <!-- UI_MGO_A_PY_05_testAccountBalanceDisplayed -->
  <system-out/>
  <testcase classname="testCases.gomo.ui.GoMoSelfCareTests" name="UI_MGO_A_PY_03_testEditExpiryDate" time="0.000">
    <skipped/>
  </testcase> <!-- UI_MGO_A_PY_03_testEditExpiryDate -->
  <system-out/>
  <testcase classname="testCases.gomo.ui.GoMoSelfCareTests" name="UI_MGO_A_NV_03_testHeaderLinks" time="0.000">
    <skipped/>
  </testcase> <!-- UI_MGO_A_NV_03_testHeaderLinks -->
  <system-out/>
  <testcase classname="testCases.gomo.ui.GoMoSelfCareTests" name="UI_MGO_A_NV_01_testNavigation" time="0.000">
    <skipped/>
  </testcase> <!-- UI_MGO_A_NV_01_testNavigation -->
  <system-out/>
  <testcase classname="testCases.gomo.ui.GoMoSelfCareTests" name="UI_MGO_A_LP_02_testForgottenEmail" time="0.266">
    <skipped/>
  </testcase> <!-- UI_MGO_A_LP_02_testForgottenEmail -->
  <system-out/>
  <testcase classname="testCases.gomo.ui.GoMoSelfCareTests" name="UI_MGO_A_AD_03_testOrderReplacementSIM" time="0.000">
    <skipped/>
  </testcase> <!-- UI_MGO_A_AD_03_testOrderReplacementSIM -->
  <system-out/>
  <testcase classname="testCases.gomo.ui.GoMoSelfCareTests" name="UI_MGO_A_AD_01_testAccountDetailsDispay" time="0.000">
    <skipped/>
  </testcase> <!-- UI_MGO_A_AD_01_testAccountDetailsDispay -->
  <system-out/>
  <testcase classname="testCases.gomo.ui.GoMoSelfCareTests" name="UI_MGO_A_LP_01_testLoginToMyGoMo" time="1.004">
    <error message="Cannot invoke &quot;java.lang.CharSequence.toString()&quot; because &quot;replacement&quot; is null" type="java.lang.NullPointerException">
      <![CDATA[java.lang.NullPointerException: Cannot invoke "java.lang.CharSequence.toString()" because "replacement" is null
at java.base/java.lang.String.replace(String.java:2158)
at microservices.backend.eir_contact_management_backend.dao.ContactManagementDAO.getEmailForUuid(ContactManagementDAO.java:69)
at microservices.backend.eir_contact_management_backend.dao.ContactManagementDAO.getEmailAddressForUUID(ContactManagementDAO.java:83)
at testCases.gomo.ui.GoMoSelfCareTests.UI_MGO_A_LP_01_testLoginToMyGoMo(GoMoSelfCareTests.java:116)
at java.base/jdk.internal.reflect.NativeMethodAccessorImpl.invoke0(Native Method)
at java.base/jdk.internal.reflect.NativeMethodAccessorImpl.invoke(NativeMethodAccessorImpl.java:62)
at java.base/jdk.internal.reflect.DelegatingMethodAccessorImpl.invoke(DelegatingMethodAccessorImpl.java:43)
at java.base/java.lang.reflect.Method.invoke(Method.java:564)
at org.testng.internal.MethodInvocationHelper.invokeMethod(MethodInvocationHelper.java:133)
at org.testng.internal.TestInvoker.invokeMethod(TestInvoker.java:598)
at org.testng.internal.TestInvoker.invokeTestMethod(TestInvoker.java:173)
at org.testng.internal.MethodRunner.runInSequence(MethodRunner.java:46)
at org.testng.internal.TestInvoker$MethodInvocationAgent.invoke(TestInvoker.java:824)
at org.testng.internal.TestInvoker.invokeTestMethods(TestInvoker.java:146)
at org.testng.internal.TestMethodWorker.invokeTestMethods(TestMethodWorker.java:146)
at org.testng.internal.TestMethodWorker.run(TestMethodWorker.java:128)
at java.base/java.util.ArrayList.forEach(ArrayList.java:1511)
at org.testng.TestRunner.privateRun(TestRunner.java:794)
at org.testng.TestRunner.run(TestRunner.java:596)
at org.testng.SuiteRunner.runTest(SuiteRunner.java:377)
at org.testng.SuiteRunner.runSequentially(SuiteRunner.java:371)
at org.testng.SuiteRunner.privateRun(SuiteRunner.java:332)
at org.testng.SuiteRunner.run(SuiteRunner.java:276)
at org.testng.SuiteRunnerWorker.runSuite(SuiteRunnerWorker.java:53)
at org.testng.SuiteRunnerWorker.run(SuiteRunnerWorker.java:96)
at org.testng.TestNG.runSuitesSequentially(TestNG.java:1212)
at org.testng.TestNG.runSuitesLocally(TestNG.java:1134)
at org.testng.TestNG.runSuites(TestNG.java:1063)
at org.testng.TestNG.run(TestNG.java:1031)
at org.testng.remote.AbstractRemoteTestNG.run(AbstractRemoteTestNG.java:115)
at org.testng.remote.RemoteTestNG.initAndRun(RemoteTestNG.java:251)
at org.testng.remote.RemoteTestNG.main(RemoteTestNG.java:77)
]]>
    </error>
  </testcase> <!-- UI_MGO_A_LP_01_testLoginToMyGoMo -->
  <system-out/>
  <testcase classname="testCases.gomo.ui.GoMoSelfCareTests" name="UI_MGO_A_LP_03_testForgotPassword" time="15.285">
    <error message="session not created
from chrome not reachable
  (Session info: chrome=100.0.4896.127)
  (Driver info: chromedriver=2.43.600210 (68dcf5eebde37173d4027fa8635e332711d2874a),platform=Windows NT 10.0.19044 x86_64) (WARNING: The server did not provide any stacktrace information)
Command duration or timeout: 14.72 seconds
Build info: version: &#039;3.4.0&#039;, revision: &#039;unknown&#039;, time: &#039;unknown&#039;
System info: host: &#039;DESKTOP-DE4P3P6&#039;, ip: &#039;192.168.0.31&#039;, os.name: &#039;Windows 10&#039;, os.arch: &#039;amd64&#039;, os.version: &#039;10.0&#039;, java.version: &#039;14.0.2&#039;
Driver info: driver.version: ChromeDriver" type="org.openqa.selenium.SessionNotCreatedException">
      <![CDATA[org.openqa.selenium.SessionNotCreatedException: session not created
from chrome not reachable
  (Session info: chrome=100.0.4896.127)
  (Driver info: chromedriver=2.43.600210 (68dcf5eebde37173d4027fa8635e332711d2874a),platform=Windows NT 10.0.19044 x86_64) (WARNING: The server did not provide any stacktrace information)
Command duration or timeout: 14.72 seconds
Build info: version: '3.4.0', revision: 'unknown', time: 'unknown'
System info: host: 'DESKTOP-DE4P3P6', ip: '192.168.0.31', os.name: 'Windows 10', os.arch: 'amd64', os.version: '10.0', java.version: '14.0.2'
Driver info: driver.version: ChromeDriver
at java.base/jdk.internal.reflect.NativeConstructorAccessorImpl.newInstance0(Native Method)
at java.base/jdk.internal.reflect.NativeConstructorAccessorImpl.newInstance(NativeConstructorAccessorImpl.java:62)
at java.base/jdk.internal.reflect.DelegatingConstructorAccessorImpl.newInstance(DelegatingConstructorAccessorImpl.java:45)
at java.base/java.lang.reflect.Constructor.newInstanceWithCaller(Constructor.java:500)
at java.base/java.lang.reflect.Constructor.newInstance(Constructor.java:481)
at org.openqa.selenium.remote.ErrorHandler.createThrowable(ErrorHandler.java:215)
at org.openqa.selenium.remote.ErrorHandler.throwIfResponseFailed(ErrorHandler.java:167)
at org.openqa.selenium.remote.JsonWireProtocolResponse.lambda$new$0(JsonWireProtocolResponse.java:53)
at org.openqa.selenium.remote.JsonWireProtocolResponse.lambda$getResponseFunction$2(JsonWireProtocolResponse.java:91)
at org.openqa.selenium.remote.ProtocolHandshake.lambda$createSession$22(ProtocolHandshake.java:365)
at java.base/java.util.stream.ReferencePipeline$3$1.accept(ReferencePipeline.java:195)
at java.base/java.util.Spliterators$ArraySpliterator.tryAdvance(Spliterators.java:958)
at java.base/java.util.stream.ReferencePipeline.forEachWithCancel(ReferencePipeline.java:127)
at java.base/java.util.stream.AbstractPipeline.copyIntoWithCancel(AbstractPipeline.java:502)
at java.base/java.util.stream.AbstractPipeline.copyInto(AbstractPipeline.java:488)
at java.base/java.util.stream.AbstractPipeline.wrapAndCopyInto(AbstractPipeline.java:474)
at java.base/java.util.stream.FindOps$FindOp.evaluateSequential(FindOps.java:150)
at java.base/java.util.stream.AbstractPipeline.evaluate(AbstractPipeline.java:234)
at java.base/java.util.stream.ReferencePipeline.findFirst(ReferencePipeline.java:543)
at org.openqa.selenium.remote.ProtocolHandshake.createSession(ProtocolHandshake.java:368)
at org.openqa.selenium.remote.ProtocolHandshake.createSession(ProtocolHandshake.java:159)
at org.openqa.selenium.remote.HttpCommandExecutor.execute(HttpCommandExecutor.java:142)
at org.openqa.selenium.remote.service.DriverCommandExecutor.execute(DriverCommandExecutor.java:82)
at org.openqa.selenium.remote.RemoteWebDriver.execute(RemoteWebDriver.java:637)
at org.openqa.selenium.remote.RemoteWebDriver.startSession(RemoteWebDriver.java:250)
at org.openqa.selenium.remote.RemoteWebDriver.startSession(RemoteWebDriver.java:236)
at org.openqa.selenium.remote.RemoteWebDriver.<init>(RemoteWebDriver.java:137)
at org.openqa.selenium.chrome.ChromeDriver.<init>(ChromeDriver.java:184)
at org.openqa.selenium.chrome.ChromeDriver.<init>(ChromeDriver.java:171)
at org.openqa.selenium.chrome.ChromeDriver.<init>(ChromeDriver.java:124)
at selenium.drivers.DriverFactory.getDriver(DriverFactory.java:20)
at testCases.gomo.ui.GoMoSelfCareTests.UI_MGO_A_LP_03_testForgotPassword(GoMoSelfCareTests.java:199)
at java.base/jdk.internal.reflect.NativeMethodAccessorImpl.invoke0(Native Method)
at java.base/jdk.internal.reflect.NativeMethodAccessorImpl.invoke(NativeMethodAccessorImpl.java:62)
at java.base/jdk.internal.reflect.DelegatingMethodAccessorImpl.invoke(DelegatingMethodAccessorImpl.java:43)
at java.base/java.lang.reflect.Method.invoke(Method.java:564)
at org.testng.internal.MethodInvocationHelper.invokeMethod(MethodInvocationHelper.java:133)
at org.testng.internal.TestInvoker.invokeMethod(TestInvoker.java:598)
at org.testng.internal.TestInvoker.retryFailed(TestInvoker.java:213)
at org.testng.internal.MethodRunner.runInSequence(MethodRunner.java:58)
at org.testng.internal.TestInvoker$MethodInvocationAgent.invoke(TestInvoker.java:824)
at org.testng.internal.TestInvoker.invokeTestMethods(TestInvoker.java:146)
at org.testng.internal.TestMethodWorker.invokeTestMethods(TestMethodWorker.java:146)
at org.testng.internal.TestMethodWorker.run(TestMethodWorker.java:128)
at java.base/java.util.ArrayList.forEach(ArrayList.java:1511)
at org.testng.TestRunner.privateRun(TestRunner.java:794)
at org.testng.TestRunner.run(TestRunner.java:596)
at org.testng.SuiteRunner.runTest(SuiteRunner.java:377)
at org.testng.SuiteRunner.runSequentially(SuiteRunner.java:371)
at org.testng.SuiteRunner.privateRun(SuiteRunner.java:332)
at org.testng.SuiteRunner.run(SuiteRunner.java:276)
at org.testng.SuiteRunnerWorker.runSuite(SuiteRunnerWorker.java:53)
at org.testng.SuiteRunnerWorker.run(SuiteRunnerWorker.java:96)
at org.testng.TestNG.runSuitesSequentially(TestNG.java:1212)
at org.testng.TestNG.runSuitesLocally(TestNG.java:1134)
at org.testng.TestNG.runSuites(TestNG.java:1063)
at org.testng.TestNG.run(TestNG.java:1031)
at org.testng.remote.AbstractRemoteTestNG.run(AbstractRemoteTestNG.java:115)
at org.testng.remote.RemoteTestNG.initAndRun(RemoteTestNG.java:251)
at org.testng.remote.RemoteTestNG.main(RemoteTestNG.java:77)
]]>
    </error>
  </testcase> <!-- UI_MGO_A_LP_03_testForgotPassword -->
  <system-out/>
  <testcase classname="testCases.gomo.ui.GoMoSelfCareTests" name="UI_MGO_A_AL_01_testWebAlerts" time="0.000">
    <skipped/>
  </testcase> <!-- UI_MGO_A_AL_01_testWebAlerts -->
  <system-out/>
  <testcase classname="testCases.gomo.ui.GoMoSelfCareTests" name="UI_MGO_A_PR_02_testMyProfileDetailsDisplayed" time="0.000">
    <skipped/>
  </testcase> <!-- UI_MGO_A_PR_02_testMyProfileDetailsDisplayed -->
  <system-out/>
  <testcase classname="testCases.gomo.ui.GoMoSelfCareTests" name="UI_MGO_A_NV_02_testFooterLinks" time="0.000">
    <skipped/>
  </testcase> <!-- UI_MGO_A_NV_02_testFooterLinks -->
  <system-out/>
  <testcase classname="testCases.gomo.ui.GoMoSelfCareTests" name="UI_MGO_A_AD_02_testNDDSettings" time="0.000">
    <skipped/>
  </testcase> <!-- UI_MGO_A_AD_02_testNDDSettings -->
  <system-out/>
  <testcase classname="testCases.gomo.ui.GoMoSelfCareTests" name="UI_MGO_A_PR_04_testChangeBothAddressesByEircode" time="0.000">
    <skipped/>
  </testcase> <!-- UI_MGO_A_PR_04_testChangeBothAddressesByEircode -->
  <system-out/>
  <testcase classname="testCases.gomo.ui.GoMoSelfCareTests" name="UI_MGO_A_US_01_testViewUsage" time="0.000">
    <skipped/>
  </testcase> <!-- UI_MGO_A_US_01_testViewUsage -->
  <system-out/>
  <testcase classname="testCases.gomo.ui.GoMoSelfCareTests" name="UI_MGO_A_LP_02_testForgottenEmail" time="0.259">
    <error message="Index 0 out of bounds for length 0" type="java.lang.IndexOutOfBoundsException">
      <![CDATA[java.lang.IndexOutOfBoundsException: Index 0 out of bounds for length 0
at java.base/jdk.internal.util.Preconditions.outOfBounds(Preconditions.java:64)
at java.base/jdk.internal.util.Preconditions.outOfBoundsCheckIndex(Preconditions.java:70)
at java.base/jdk.internal.util.Preconditions.checkIndex(Preconditions.java:248)
at java.base/java.util.Objects.checkIndex(Objects.java:373)
at java.base/java.util.ArrayList.get(ArrayList.java:427)
at microservices.backend.eir_subscription_management_backend.SubscriptionManagementDAO.getActiveService(SubscriptionManagementDAO.java:931)
at testCases.gomo.ui.GoMoSelfCareTests.UI_MGO_A_LP_02_testForgottenEmail(GoMoSelfCareTests.java:130)
at java.base/jdk.internal.reflect.NativeMethodAccessorImpl.invoke0(Native Method)
at java.base/jdk.internal.reflect.NativeMethodAccessorImpl.invoke(NativeMethodAccessorImpl.java:62)
at java.base/jdk.internal.reflect.DelegatingMethodAccessorImpl.invoke(DelegatingMethodAccessorImpl.java:43)
at java.base/java.lang.reflect.Method.invoke(Method.java:564)
at org.testng.internal.MethodInvocationHelper.invokeMethod(MethodInvocationHelper.java:133)
at org.testng.internal.TestInvoker.invokeMethod(TestInvoker.java:598)
at org.testng.internal.TestInvoker.retryFailed(TestInvoker.java:213)
at org.testng.internal.MethodRunner.runInSequence(MethodRunner.java:58)
at org.testng.internal.TestInvoker$MethodInvocationAgent.invoke(TestInvoker.java:824)
at org.testng.internal.TestInvoker.invokeTestMethods(TestInvoker.java:146)
at org.testng.internal.TestMethodWorker.invokeTestMethods(TestMethodWorker.java:146)
at org.testng.internal.TestMethodWorker.run(TestMethodWorker.java:128)
at java.base/java.util.ArrayList.forEach(ArrayList.java:1511)
at org.testng.TestRunner.privateRun(TestRunner.java:794)
at org.testng.TestRunner.run(TestRunner.java:596)
at org.testng.SuiteRunner.runTest(SuiteRunner.java:377)
at org.testng.SuiteRunner.runSequentially(SuiteRunner.java:371)
at org.testng.SuiteRunner.privateRun(SuiteRunner.java:332)
at org.testng.SuiteRunner.run(SuiteRunner.java:276)
at org.testng.SuiteRunnerWorker.runSuite(SuiteRunnerWorker.java:53)
at org.testng.SuiteRunnerWorker.run(SuiteRunnerWorker.java:96)
at org.testng.TestNG.runSuitesSequentially(TestNG.java:1212)
at org.testng.TestNG.runSuitesLocally(TestNG.java:1134)
at org.testng.TestNG.runSuites(TestNG.java:1063)
at org.testng.TestNG.run(TestNG.java:1031)
at org.testng.remote.AbstractRemoteTestNG.run(AbstractRemoteTestNG.java:115)
at org.testng.remote.RemoteTestNG.initAndRun(RemoteTestNG.java:251)
at org.testng.remote.RemoteTestNG.main(RemoteTestNG.java:77)
]]>
    </error>
  </testcase> <!-- UI_MGO_A_LP_02_testForgottenEmail -->
  <system-out/>
  <testcase classname="testCases.gomo.ui.GoMoSelfCareTests" name="UI_MGO_A_PY_02_testMakeDefault" time="0.000">
    <skipped/>
  </testcase> <!-- UI_MGO_A_PY_02_testMakeDefault -->
  <system-out/>
  <testcase classname="testCases.gomo.ui.GoMoSelfCareTests" name="UI_MGO_A_PR_01_testViewEditContactPreferences" time="0.000">
    <skipped/>
  </testcase> <!-- UI_MGO_A_PR_01_testViewEditContactPreferences -->
  <system-out/>
  <testcase classname="testCases.gomo.ui.GoMoSelfCareTests" name="UI_MGO_A_PR_05_testUpdateEmail" time="0.000">
    <skipped/>
  </testcase> <!-- UI_MGO_A_PR_05_testUpdateEmail -->
  <system-out/>
  <testcase classname="testCases.gomo.ui.GoMoSelfCareTests" name="UI_MGO_A_PY_01_testAddNewCard" time="0.000">
    <skipped/>
  </testcase> <!-- UI_MGO_A_PY_01_testAddNewCard -->
  <system-out/>
  <testcase classname="testCases.gomo.ui.GoMoSelfCareTests" name="UI_MGO_A_AD_05_testViewOrders" time="0.000">
    <skipped/>
  </testcase> <!-- UI_MGO_A_AD_05_testViewOrders -->
  <system-out/>
  <testcase classname="testCases.gomo.ui.GoMoSelfCareTests" name="UI_MGO_A_PR_03_testResetPassword" time="0.000">
    <skipped/>
  </testcase> <!-- UI_MGO_A_PR_03_testResetPassword -->
  <system-out/>
  <testcase classname="testCases.gomo.ui.GoMoSelfCareTests" name="UI_MGO_A_PY_07_testViewTransactionHistory" time="0.000">
    <skipped/>
  </testcase> <!-- UI_MGO_A_PY_07_testViewTransactionHistory -->
  <system-out/>
</testsuite> <!-- testCases.gomo.ui.GoMoSelfCareTests -->
