<?xml version="1.0" encoding="UTF-8"?>
<!-- Generated by org.testng.reporters.JUnitReportReporter -->
<testsuite skipped="2" hostname="P04284" name="testCases.api.ui_api_tests.TestEirPAYGAcquisitionsApiRetail" tests="15" failures="1" timestamp="2021-10-11T15:40:56 BST" time="8.682" errors="0">
  <testcase name="testLogin" time="0.141" classname="testCases.api.ui_api_tests.TestEirPAYGAcquisitionsApiRetail"/>
  <testcase name="testGetAvailableOffers" time="0.296" classname="testCases.api.ui_api_tests.TestEirPAYGAcquisitionsApiRetail"/>
  <testcase name="testEircodeLookup" time="0.279" classname="testCases.api.ui_api_tests.TestEirPAYGAcquisitionsApiRetail"/>
  <testcase name="getAvailableHandsetsForOffer2001" time="0.263" classname="testCases.api.ui_api_tests.TestEirPAYGAcquisitionsApiRetail"/>
  <testcase name="getAvailableAddons" time="0.292" classname="testCases.api.ui_api_tests.TestEirPAYGAcquisitionsApiRetail"/>
  <testcase name="getAvailableHandsetManufacturersForOffer2001" time="0.305" classname="testCases.api.ui_api_tests.TestEirPAYGAcquisitionsApiRetail"/>
  <testcase name="getAvailableDiscounts" time="0.295" classname="testCases.api.ui_api_tests.TestEirPAYGAcquisitionsApiRetail"/>
  <testcase name="testCreateRetailProspect" time="5.316" classname="testCases.api.ui_api_tests.TestEirPAYGAcquisitionsApiRetail"/>
  <testcase name="testPostOfferToCart" time="0.260" classname="testCases.api.ui_api_tests.TestEirPAYGAcquisitionsApiRetail">
    <failure type="java.lang.AssertionError" message="expected:&lt;200&gt; but was:&lt;403&gt;">
      <![CDATA[java.lang.AssertionError: expected:<200> but was:<403>
at org.junit.Assert.fail(Assert.java:89)
at org.junit.Assert.failNotEquals(Assert.java:835)
at org.junit.Assert.assertEquals(Assert.java:647)
at org.junit.Assert.assertEquals(Assert.java:633)
at testCases.api.ui_api_tests.TestEirPAYGAcquisitionsApiRetail.testPostOfferToCart(TestEirPAYGAcquisitionsApiRetail.java:90)
at sun.reflect.NativeMethodAccessorImpl.invoke0(Native Method)
at sun.reflect.NativeMethodAccessorImpl.invoke(Unknown Source)
at sun.reflect.DelegatingMethodAccessorImpl.invoke(Unknown Source)
at java.lang.reflect.Method.invoke(Unknown Source)
at org.testng.internal.MethodInvocationHelper.invokeMethod(MethodInvocationHelper.java:133)
at org.testng.internal.TestInvoker.invokeMethod(TestInvoker.java:584)
at org.testng.internal.TestInvoker.invokeTestMethod(TestInvoker.java:172)
at org.testng.internal.MethodRunner.runInSequence(MethodRunner.java:46)
at org.testng.internal.TestInvoker$MethodInvocationAgent.invoke(TestInvoker.java:804)
at org.testng.internal.TestInvoker.invokeTestMethods(TestInvoker.java:145)
at org.testng.internal.TestMethodWorker.invokeTestMethods(TestMethodWorker.java:146)
at org.testng.internal.TestMethodWorker.run(TestMethodWorker.java:128)
at java.util.ArrayList.forEach(Unknown Source)
at org.testng.TestRunner.privateRun(TestRunner.java:770)
at org.testng.TestRunner.run(TestRunner.java:591)
at org.testng.SuiteRunner.runTest(SuiteRunner.java:402)
at org.testng.SuiteRunner.runSequentially(SuiteRunner.java:396)
at org.testng.SuiteRunner.privateRun(SuiteRunner.java:355)
at org.testng.SuiteRunner.run(SuiteRunner.java:304)
at org.testng.SuiteRunnerWorker.runSuite(SuiteRunnerWorker.java:53)
at org.testng.SuiteRunnerWorker.run(SuiteRunnerWorker.java:96)
at org.testng.TestNG.runSuitesSequentially(TestNG.java:1180)
at org.testng.TestNG.runSuitesLocally(TestNG.java:1102)
at org.testng.TestNG.runSuites(TestNG.java:1032)
at org.testng.TestNG.run(TestNG.java:1000)
at org.testng.remote.AbstractRemoteTestNG.run(AbstractRemoteTestNG.java:115)
at org.testng.remote.RemoteTestNG.initAndRun(RemoteTestNG.java:251)
at org.testng.remote.RemoteTestNG.main(RemoteTestNG.java:77)
]]>
    </failure>
  </testcase> <!-- testPostOfferToCart -->
  <testcase name="getAvailableHandsetManufacturersForOffer2002" time="0.261" classname="testCases.api.ui_api_tests.TestEirPAYGAcquisitionsApiRetail"/>
  <testcase name="testGetCartDetails" time="0.000" classname="testCases.api.ui_api_tests.TestEirPAYGAcquisitionsApiRetail">
    <skipped/>
  </testcase> <!-- testGetCartDetails -->
  <testcase name="getAvailableHandsetsForOffer2002" time="0.380" classname="testCases.api.ui_api_tests.TestEirPAYGAcquisitionsApiRetail"/>
  <testcase name="testGetRefSecurityQuestions" time="0.299" classname="testCases.api.ui_api_tests.TestEirPAYGAcquisitionsApiRetail"/>
  <testcase name="getProspect" time="0.295" classname="testCases.api.ui_api_tests.TestEirPAYGAcquisitionsApiRetail"/>
  <testcase name="testGetHandsetManufacturers" classname="testCases.api.ui_api_tests.TestEirPAYGAcquisitionsApiRetail">
    <skipped/>
  </testcase> <!-- testGetHandsetManufacturers -->
</testsuite> <!-- testCases.api.ui_api_tests.TestEirPAYGAcquisitionsApiRetail -->
