<?xml version="1.0" encoding="UTF-8"?>
<testng-results ignored="0" total="13" passed="0" failed="3" skipped="10">
  <reporter-output>
  </reporter-output>
  <suite started-at="2022-04-28T21:51:49 IST" name="GoMo eShop API Test Suite" finished-at="2022-04-28T21:51:51 IST" duration-ms="2287">
    <groups>
    </groups>
    <test started-at="2022-04-28T21:51:49 IST" name="Test" finished-at="2022-04-28T21:51:51 IST" duration-ms="2287">
      <class name="testCases.gomo.api.TestGoMoEshopAPI">
        <test-method is-config="true" signature="setUpSuite()[pri:0, instance:testCases.gomo.api.TestGoMoEshopAPI@68878f6d]" started-at="2022-04-28T21:51:49 IST" name="setUpSuite" finished-at="2022-04-28T21:51:49 IST" duration-ms="88" status="PASS">
          <reporter-output>
          </reporter-output>
        </test-method> <!-- setUpSuite -->
        <test-method is-config="true" signature="setUp()[pri:0, instance:testCases.gomo.api.TestGoMoEshopAPI@68878f6d]" started-at="2022-04-28T21:51:49 IST" name="setUp" finished-at="2022-04-28T21:51:49 IST" duration-ms="0" status="PASS">
          <reporter-output>
          </reporter-output>
        </test-method> <!-- setUp -->
        <test-method is-config="true" signature="BeforeMethod(java.lang.reflect.Method,org.testng.ITestContext,[Ljava.lang.Object;)[pri:0, instance:testCases.gomo.api.TestGoMoEshopAPI@68878f6d]" started-at="2022-04-28T21:51:49 IST" name="BeforeMethod" finished-at="2022-04-28T21:51:49 IST" duration-ms="1" status="PASS">
          <params>
            <param index="0">
              <value>
                <![CDATA[public void testCases.gomo.api.TestGoMoEshopAPI.ESH_A_OS_01_testGetAvailableOffers(org.testng.ITestContext)]]>
              </value>
            </param>
            <param index="1">
              <value>
                <![CDATA[org.testng.TestRunner@57ea113a]]>
              </value>
            </param>
            <param index="2">
              <value>
                <![CDATA[[Ljava.lang.Object;@3b0c3951]]>
              </value>
            </param>
          </params>
          <reporter-output>
          </reporter-output>
        </test-method> <!-- BeforeMethod -->
        <test-method is-config="true" signature="BeforeMethod(java.lang.reflect.Method,[Ljava.lang.Object;,org.testng.ITestContext)[pri:0, instance:testCases.gomo.api.TestGoMoEshopAPI@68878f6d]" started-at="2022-04-28T21:51:49 IST" name="BeforeMethod" finished-at="2022-04-28T21:51:49 IST" duration-ms="0" status="PASS">
          <params>
            <param index="0">
              <value>
                <![CDATA[public void testCases.gomo.api.TestGoMoEshopAPI.ESH_A_OS_01_testGetAvailableOffers(org.testng.ITestContext)]]>
              </value>
            </param>
            <param index="1">
              <value>
                <![CDATA[[Ljava.lang.Object;@3b0c3951]]>
              </value>
            </param>
            <param index="2">
              <value>
                <![CDATA[org.testng.TestRunner@57ea113a]]>
              </value>
            </param>
          </params>
          <reporter-output>
          </reporter-output>
        </test-method> <!-- BeforeMethod -->
        <test-method signature="ESH_A_OS_01_testGetAvailableOffers(org.testng.ITestContext)[pri:0, instance:testCases.gomo.api.TestGoMoEshopAPI@68878f6d]" started-at="2022-04-28T21:51:49 IST" name="ESH_A_OS_01_testGetAvailableOffers" description="ESH_A_OS_01: GoMo eShop API: Get available offers" finished-at="2022-04-28T21:51:51 IST" duration-ms="1614" status="FAIL">
          <params>
            <param index="0">
              <value>
                <![CDATA[org.testng.TestRunner@57ea113a]]>
              </value>
            </param>
          </params>
          <exception class="java.lang.NoClassDefFoundError">
            <message>
              <![CDATA[Could not initialize class org.codehaus.groovy.reflection.ReflectionCache]]>
            </message>
            <full-stacktrace>
              <![CDATA[java.lang.NoClassDefFoundError: Could not initialize class org.codehaus.groovy.reflection.ReflectionCache
at org.codehaus.groovy.runtime.dgmimpl.NumberNumberMetaMethod.<clinit>(NumberNumberMetaMethod.java:33)
at java.base/jdk.internal.reflect.NativeConstructorAccessorImpl.newInstance0(Native Method)
at java.base/jdk.internal.reflect.NativeConstructorAccessorImpl.newInstance(NativeConstructorAccessorImpl.java:62)
at java.base/jdk.internal.reflect.DelegatingConstructorAccessorImpl.newInstance(DelegatingConstructorAccessorImpl.java:45)
at java.base/java.lang.reflect.Constructor.newInstanceWithCaller(Constructor.java:500)
at java.base/java.lang.reflect.ReflectAccess.newInstance(ReflectAccess.java:124)
at java.base/jdk.internal.reflect.ReflectionFactory.newInstance(ReflectionFactory.java:346)
at java.base/java.lang.Class.newInstance(Class.java:604)
at org.codehaus.groovy.runtime.metaclass.MetaClassRegistryImpl.createMetaMethodFromClass(MetaClassRegistryImpl.java:257)
at org.codehaus.groovy.runtime.metaclass.MetaClassRegistryImpl.<init>(MetaClassRegistryImpl.java:110)
at org.codehaus.groovy.runtime.metaclass.MetaClassRegistryImpl.<init>(MetaClassRegistryImpl.java:85)
at groovy.lang.GroovySystem.<clinit>(GroovySystem.java:36)
at org.codehaus.groovy.runtime.InvokerHelper.<clinit>(InvokerHelper.java:86)
at org.codehaus.groovy.runtime.ScriptBytecodeAdapter.createMap(ScriptBytecodeAdapter.java:635)
at io.restassured.internal.ResponseParserRegistrar.<init>(ResponseParserRegistrar.groovy)
at io.restassured.RestAssured.<clinit>(RestAssured.java:346)
at utilities.api.RestAssuredUtil.setup(RestAssuredUtil.java:18)
at utilities.api.RestAssuredUtil.galaxionGet(RestAssuredUtil.java:29)
at microservices.frontend.eir_eshop_frontend.api.GoMoEShopAPI.getAvailableOffers(GoMoEShopAPI.java:28)
at testCases.gomo.api.TestGoMoEshopAPI.ESH_A_OS_01_testGetAvailableOffers(TestGoMoEshopAPI.java:65)
at java.base/jdk.internal.reflect.NativeMethodAccessorImpl.invoke0(Native Method)
at java.base/jdk.internal.reflect.NativeMethodAccessorImpl.invoke(NativeMethodAccessorImpl.java:62)
at java.base/jdk.internal.reflect.DelegatingMethodAccessorImpl.invoke(DelegatingMethodAccessorImpl.java:43)
at java.base/java.lang.reflect.Method.invoke(Method.java:564)
at org.testng.internal.MethodInvocationHelper.invokeMethod(MethodInvocationHelper.java:133)
at org.testng.internal.TestInvoker.invokeMethod(TestInvoker.java:598)
at org.testng.internal.TestInvoker.invokeTestMethod(TestInvoker.java:173)
at org.testng.internal.MethodRunner.runInSequence(MethodRunner.java:46)
at org.testng.internal.TestInvoker$MethodInvocationAgent.invoke(TestInvoker.java:824)
at org.testng.internal.TestInvoker.invokeTestMethods(TestInvoker.java:146)
at org.testng.internal.TestMethodWorker.invokeTestMethods(TestMethodWorker.java:146)
at org.testng.internal.TestMethodWorker.run(TestMethodWorker.java:128)
at java.base/java.util.ArrayList.forEach(ArrayList.java:1511)
at org.testng.TestRunner.privateRun(TestRunner.java:794)
at org.testng.TestRunner.run(TestRunner.java:596)
at org.testng.SuiteRunner.runTest(SuiteRunner.java:377)
at org.testng.SuiteRunner.runSequentially(SuiteRunner.java:371)
at org.testng.SuiteRunner.privateRun(SuiteRunner.java:332)
at org.testng.SuiteRunner.run(SuiteRunner.java:276)
at org.testng.SuiteRunnerWorker.runSuite(SuiteRunnerWorker.java:53)
at org.testng.SuiteRunnerWorker.run(SuiteRunnerWorker.java:96)
at org.testng.TestNG.runSuitesSequentially(TestNG.java:1212)
at org.testng.TestNG.runSuitesLocally(TestNG.java:1134)
at org.testng.TestNG.runSuites(TestNG.java:1063)
at org.testng.TestNG.run(TestNG.java:1031)
at org.testng.remote.AbstractRemoteTestNG.run(AbstractRemoteTestNG.java:115)
at org.testng.remote.RemoteTestNG.initAndRun(RemoteTestNG.java:251)
at org.testng.remote.RemoteTestNG.main(RemoteTestNG.java:77)
]]>
            </full-stacktrace>
          </exception> <!-- java.lang.NoClassDefFoundError -->
          <reporter-output>
          </reporter-output>
        </test-method> <!-- ESH_A_OS_01_testGetAvailableOffers -->
        <test-method is-config="true" signature="setUpMethod()[pri:0, instance:testCases.gomo.api.TestGoMoEshopAPI@68878f6d]" started-at="2022-04-28T21:51:49 IST" name="setUpMethod" finished-at="2022-04-28T21:51:49 IST" duration-ms="0" status="PASS">
          <reporter-output>
          </reporter-output>
        </test-method> <!-- setUpMethod -->
        <test-method is-config="true" signature="tearDownMethod(org.testng.ITestResult)[pri:0, instance:testCases.gomo.api.TestGoMoEshopAPI@68878f6d]" started-at="2022-04-28T21:51:51 IST" name="tearDownMethod" finished-at="2022-04-28T21:51:51 IST" duration-ms="2" status="PASS">
          <params>
            <param index="0">
              <value>
                <![CDATA[[TestResult name=ESH_A_OS_01_testGetAvailableOffers status=FAILURE method=TestGoMoEshopAPI.ESH_A_OS_01_testGetAvailableOffers(org.testng.ITestContext)[pri:0, instance:testCases.gomo.api.TestGoMoEshopAPI@68878f6d] output={null}]]]>
              </value>
            </param>
          </params>
          <reporter-output>
          </reporter-output>
        </test-method> <!-- tearDownMethod -->
        <test-method is-config="true" signature="BeforeMethod(java.lang.reflect.Method,[Ljava.lang.Object;,org.testng.ITestContext)[pri:0, instance:testCases.gomo.api.TestGoMoEshopAPI@68878f6d]" started-at="2022-04-28T21:51:51 IST" name="BeforeMethod" finished-at="2022-04-28T21:51:51 IST" duration-ms="1" status="PASS">
          <params>
            <param index="0">
              <value>
                <![CDATA[public void testCases.gomo.api.TestGoMoEshopAPI.ESH_A_OS_02_testCreateProspect(org.testng.ITestContext)]]>
              </value>
            </param>
            <param index="1">
              <value>
                <![CDATA[[Ljava.lang.Object;@422ab737]]>
              </value>
            </param>
            <param index="2">
              <value>
                <![CDATA[org.testng.TestRunner@57ea113a]]>
              </value>
            </param>
          </params>
          <reporter-output>
          </reporter-output>
        </test-method> <!-- BeforeMethod -->
        <test-method is-config="true" signature="setUpMethod()[pri:0, instance:testCases.gomo.api.TestGoMoEshopAPI@68878f6d]" started-at="2022-04-28T21:51:51 IST" name="setUpMethod" finished-at="2022-04-28T21:51:51 IST" duration-ms="0" status="PASS">
          <reporter-output>
          </reporter-output>
        </test-method> <!-- setUpMethod -->
        <test-method is-config="true" signature="BeforeMethod(java.lang.reflect.Method,org.testng.ITestContext,[Ljava.lang.Object;)[pri:0, instance:testCases.gomo.api.TestGoMoEshopAPI@68878f6d]" started-at="2022-04-28T21:51:51 IST" name="BeforeMethod" finished-at="2022-04-28T21:51:51 IST" duration-ms="0" status="PASS">
          <params>
            <param index="0">
              <value>
                <![CDATA[public void testCases.gomo.api.TestGoMoEshopAPI.ESH_A_OS_02_testCreateProspect(org.testng.ITestContext)]]>
              </value>
            </param>
            <param index="1">
              <value>
                <![CDATA[org.testng.TestRunner@57ea113a]]>
              </value>
            </param>
            <param index="2">
              <value>
                <![CDATA[[Ljava.lang.Object;@422ab737]]>
              </value>
            </param>
          </params>
          <reporter-output>
          </reporter-output>
        </test-method> <!-- BeforeMethod -->
        <test-method signature="ESH_A_OS_02_testCreateProspect(org.testng.ITestContext)[pri:0, instance:testCases.gomo.api.TestGoMoEshopAPI@68878f6d]" started-at="2022-04-28T21:51:51 IST" name="ESH_A_OS_02_testCreateProspect" description="ESH_A_OS_02: GoMo eShop API: Create prospect" finished-at="2022-04-28T21:51:51 IST" duration-ms="250" status="FAIL">
          <params>
            <param index="0">
              <value>
                <![CDATA[org.testng.TestRunner@57ea113a]]>
              </value>
            </param>
          </params>
          <exception class="java.lang.NoClassDefFoundError">
            <message>
              <![CDATA[Could not initialize class io.restassured.RestAssured]]>
            </message>
            <full-stacktrace>
              <![CDATA[java.lang.NoClassDefFoundError: Could not initialize class io.restassured.RestAssured
at utilities.api.RestAssuredUtil.setup(RestAssuredUtil.java:18)
at utilities.api.RestAssuredUtil.galaxionPost(RestAssuredUtil.java:112)
at microservices.frontend.eir_eshop_frontend.api.GoMoEShopAPI.createProspect(GoMoEShopAPI.java:41)
at testCases.gomo.api.TestGoMoEshopAPI.ESH_A_OS_02_testCreateProspect(TestGoMoEshopAPI.java:93)
at java.base/jdk.internal.reflect.NativeMethodAccessorImpl.invoke0(Native Method)
at java.base/jdk.internal.reflect.NativeMethodAccessorImpl.invoke(NativeMethodAccessorImpl.java:62)
at java.base/jdk.internal.reflect.DelegatingMethodAccessorImpl.invoke(DelegatingMethodAccessorImpl.java:43)
at java.base/java.lang.reflect.Method.invoke(Method.java:564)
at org.testng.internal.MethodInvocationHelper.invokeMethod(MethodInvocationHelper.java:133)
at org.testng.internal.TestInvoker.invokeMethod(TestInvoker.java:598)
at org.testng.internal.TestInvoker.invokeTestMethod(TestInvoker.java:173)
at org.testng.internal.MethodRunner.runInSequence(MethodRunner.java:46)
at org.testng.internal.TestInvoker$MethodInvocationAgent.invoke(TestInvoker.java:824)
at org.testng.internal.TestInvoker.invokeTestMethods(TestInvoker.java:146)
at org.testng.internal.TestMethodWorker.invokeTestMethods(TestMethodWorker.java:146)
at org.testng.internal.TestMethodWorker.run(TestMethodWorker.java:128)
at java.base/java.util.ArrayList.forEach(ArrayList.java:1511)
at org.testng.TestRunner.privateRun(TestRunner.java:794)
at org.testng.TestRunner.run(TestRunner.java:596)
at org.testng.SuiteRunner.runTest(SuiteRunner.java:377)
at org.testng.SuiteRunner.runSequentially(SuiteRunner.java:371)
at org.testng.SuiteRunner.privateRun(SuiteRunner.java:332)
at org.testng.SuiteRunner.run(SuiteRunner.java:276)
at org.testng.SuiteRunnerWorker.runSuite(SuiteRunnerWorker.java:53)
at org.testng.SuiteRunnerWorker.run(SuiteRunnerWorker.java:96)
at org.testng.TestNG.runSuitesSequentially(TestNG.java:1212)
at org.testng.TestNG.runSuitesLocally(TestNG.java:1134)
at org.testng.TestNG.runSuites(TestNG.java:1063)
at org.testng.TestNG.run(TestNG.java:1031)
at org.testng.remote.AbstractRemoteTestNG.run(AbstractRemoteTestNG.java:115)
at org.testng.remote.RemoteTestNG.initAndRun(RemoteTestNG.java:251)
at org.testng.remote.RemoteTestNG.main(RemoteTestNG.java:77)
]]>
            </full-stacktrace>
          </exception> <!-- java.lang.NoClassDefFoundError -->
          <reporter-output>
          </reporter-output>
        </test-method> <!-- ESH_A_OS_02_testCreateProspect -->
        <test-method is-config="true" signature="setUpMethod()[pri:0, instance:testCases.gomo.api.TestGoMoEshopAPI@68878f6d]" started-at="2022-04-28T21:51:51 IST" name="setUpMethod" finished-at="2022-04-28T21:51:51 IST" duration-ms="0" status="PASS">
          <reporter-output>
          </reporter-output>
        </test-method> <!-- setUpMethod -->
        <test-method is-config="true" signature="tearDownMethod(org.testng.ITestResult)[pri:0, instance:testCases.gomo.api.TestGoMoEshopAPI@68878f6d]" started-at="2022-04-28T21:51:51 IST" name="tearDownMethod" finished-at="2022-04-28T21:51:51 IST" duration-ms="0" status="PASS">
          <params>
            <param index="0">
              <value>
                <![CDATA[[TestResult name=ESH_A_OS_02_testCreateProspect status=FAILURE method=TestGoMoEshopAPI.ESH_A_OS_02_testCreateProspect(org.testng.ITestContext)[pri:0, instance:testCases.gomo.api.TestGoMoEshopAPI@68878f6d] output={null}]]]>
              </value>
            </param>
          </params>
          <reporter-output>
          </reporter-output>
        </test-method> <!-- tearDownMethod -->
        <test-method signature="ESH_A_CD_02_testEircodeLookup(org.testng.ITestContext)[pri:0, instance:testCases.gomo.api.TestGoMoEshopAPI@68878f6d]" started-at="2022-04-28T21:51:51 IST" name="ESH_A_CD_02_testEircodeLookup" description="ESH_A_CD_02: GoMo eShop API: Eircode lookup" finished-at="2022-04-28T21:51:51 IST" duration-ms="343" status="FAIL">
          <params>
            <param index="0">
              <value>
                <![CDATA[org.testng.TestRunner@57ea113a]]>
              </value>
            </param>
          </params>
          <exception class="java.lang.NoClassDefFoundError">
            <message>
              <![CDATA[Could not initialize class io.restassured.RestAssured]]>
            </message>
            <full-stacktrace>
              <![CDATA[java.lang.NoClassDefFoundError: Could not initialize class io.restassured.RestAssured
at utilities.api.RestAssuredUtil.setup(RestAssuredUtil.java:18)
at utilities.api.RestAssuredUtil.galaxionGet(RestAssuredUtil.java:29)
at microservices.frontend.eir_eshop_frontend.api.GoMoEShopAPI.lookupEircode(GoMoEShopAPI.java:113)
at testCases.gomo.api.TestGoMoEshopAPI.ESH_A_CD_02_testEircodeLookup(TestGoMoEshopAPI.java:251)
at java.base/jdk.internal.reflect.NativeMethodAccessorImpl.invoke0(Native Method)
at java.base/jdk.internal.reflect.NativeMethodAccessorImpl.invoke(NativeMethodAccessorImpl.java:62)
at java.base/jdk.internal.reflect.DelegatingMethodAccessorImpl.invoke(DelegatingMethodAccessorImpl.java:43)
at java.base/java.lang.reflect.Method.invoke(Method.java:564)
at org.testng.internal.MethodInvocationHelper.invokeMethod(MethodInvocationHelper.java:133)
at org.testng.internal.TestInvoker.invokeMethod(TestInvoker.java:598)
at org.testng.internal.TestInvoker.invokeTestMethod(TestInvoker.java:173)
at org.testng.internal.MethodRunner.runInSequence(MethodRunner.java:46)
at org.testng.internal.TestInvoker$MethodInvocationAgent.invoke(TestInvoker.java:824)
at org.testng.internal.TestInvoker.invokeTestMethods(TestInvoker.java:146)
at org.testng.internal.TestMethodWorker.invokeTestMethods(TestMethodWorker.java:146)
at org.testng.internal.TestMethodWorker.run(TestMethodWorker.java:128)
at java.base/java.util.ArrayList.forEach(ArrayList.java:1511)
at org.testng.TestRunner.privateRun(TestRunner.java:794)
at org.testng.TestRunner.run(TestRunner.java:596)
at org.testng.SuiteRunner.runTest(SuiteRunner.java:377)
at org.testng.SuiteRunner.runSequentially(SuiteRunner.java:371)
at org.testng.SuiteRunner.privateRun(SuiteRunner.java:332)
at org.testng.SuiteRunner.run(SuiteRunner.java:276)
at org.testng.SuiteRunnerWorker.runSuite(SuiteRunnerWorker.java:53)
at org.testng.SuiteRunnerWorker.run(SuiteRunnerWorker.java:96)
at org.testng.TestNG.runSuitesSequentially(TestNG.java:1212)
at org.testng.TestNG.runSuitesLocally(TestNG.java:1134)
at org.testng.TestNG.runSuites(TestNG.java:1063)
at org.testng.TestNG.run(TestNG.java:1031)
at org.testng.remote.AbstractRemoteTestNG.run(AbstractRemoteTestNG.java:115)
at org.testng.remote.RemoteTestNG.initAndRun(RemoteTestNG.java:251)
at org.testng.remote.RemoteTestNG.main(RemoteTestNG.java:77)
]]>
            </full-stacktrace>
          </exception> <!-- java.lang.NoClassDefFoundError -->
          <reporter-output>
          </reporter-output>
        </test-method> <!-- ESH_A_CD_02_testEircodeLookup -->
        <test-method is-config="true" signature="BeforeMethod(java.lang.reflect.Method,[Ljava.lang.Object;,org.testng.ITestContext)[pri:0, instance:testCases.gomo.api.TestGoMoEshopAPI@68878f6d]" started-at="2022-04-28T21:51:51 IST" name="BeforeMethod" finished-at="2022-04-28T21:51:51 IST" duration-ms="0" status="PASS">
          <params>
            <param index="0">
              <value>
                <![CDATA[public void testCases.gomo.api.TestGoMoEshopAPI.ESH_A_CD_02_testEircodeLookup(org.testng.ITestContext)]]>
              </value>
            </param>
            <param index="1">
              <value>
                <![CDATA[[Ljava.lang.Object;@3fe512d2]]>
              </value>
            </param>
            <param index="2">
              <value>
                <![CDATA[org.testng.TestRunner@57ea113a]]>
              </value>
            </param>
          </params>
          <reporter-output>
          </reporter-output>
        </test-method> <!-- BeforeMethod -->
        <test-method is-config="true" signature="BeforeMethod(java.lang.reflect.Method,org.testng.ITestContext,[Ljava.lang.Object;)[pri:0, instance:testCases.gomo.api.TestGoMoEshopAPI@68878f6d]" started-at="2022-04-28T21:51:51 IST" name="BeforeMethod" finished-at="2022-04-28T21:51:51 IST" duration-ms="0" status="PASS">
          <params>
            <param index="0">
              <value>
                <![CDATA[public void testCases.gomo.api.TestGoMoEshopAPI.ESH_A_CD_02_testEircodeLookup(org.testng.ITestContext)]]>
              </value>
            </param>
            <param index="1">
              <value>
                <![CDATA[org.testng.TestRunner@57ea113a]]>
              </value>
            </param>
            <param index="2">
              <value>
                <![CDATA[[Ljava.lang.Object;@3fe512d2]]>
              </value>
            </param>
          </params>
          <reporter-output>
          </reporter-output>
        </test-method> <!-- BeforeMethod -->
        <test-method is-config="true" signature="tearDownMethod(org.testng.ITestResult)[pri:0, instance:testCases.gomo.api.TestGoMoEshopAPI@68878f6d]" started-at="2022-04-28T21:51:51 IST" name="tearDownMethod" finished-at="2022-04-28T21:51:51 IST" duration-ms="0" status="PASS">
          <params>
            <param index="0">
              <value>
                <![CDATA[[TestResult name=ESH_A_CD_02_testEircodeLookup status=FAILURE method=TestGoMoEshopAPI.ESH_A_CD_02_testEircodeLookup(org.testng.ITestContext)[pri:0, instance:testCases.gomo.api.TestGoMoEshopAPI@68878f6d] output={null}]]]>
              </value>
            </param>
          </params>
          <reporter-output>
          </reporter-output>
        </test-method> <!-- tearDownMethod -->
        <test-method signature="ESH_A_OS_03_testAddToCart(org.testng.ITestContext)[pri:0, instance:testCases.gomo.api.TestGoMoEshopAPI@68878f6d]" started-at="2022-04-28T21:51:51 IST" name="ESH_A_OS_03_testAddToCart" description="ESH_A_OS_03: GoMo eShop API: Post offer to cart" finished-at="2022-04-28T21:51:51 IST" depends-on-methods="testCases.gomo.api.TestGoMoEshopAPI.ESH_A_OS_02_testCreateProspect" duration-ms="0" status="SKIP">
          <exception class="java.lang.Throwable">
            <message>
              <![CDATA[Method TestGoMoEshopAPI.ESH_A_OS_03_testAddToCart(org.testng.ITestContext)[pri:0, instance:testCases.gomo.api.TestGoMoEshopAPI@68878f6d] depends on not successfully finished methods]]>
            </message>
            <full-stacktrace>
              <![CDATA[java.lang.Throwable: Method TestGoMoEshopAPI.ESH_A_OS_03_testAddToCart(org.testng.ITestContext)[pri:0, instance:testCases.gomo.api.TestGoMoEshopAPI@68878f6d] depends on not successfully finished methods
at org.testng.internal.TestInvoker.invokeTestMethods(TestInvoker.java:102)
at org.testng.internal.TestMethodWorker.invokeTestMethods(TestMethodWorker.java:146)
at org.testng.internal.TestMethodWorker.run(TestMethodWorker.java:128)
at java.base/java.util.ArrayList.forEach(ArrayList.java:1511)
at org.testng.TestRunner.privateRun(TestRunner.java:794)
at org.testng.TestRunner.run(TestRunner.java:596)
at org.testng.SuiteRunner.runTest(SuiteRunner.java:377)
at org.testng.SuiteRunner.runSequentially(SuiteRunner.java:371)
at org.testng.SuiteRunner.privateRun(SuiteRunner.java:332)
at org.testng.SuiteRunner.run(SuiteRunner.java:276)
at org.testng.SuiteRunnerWorker.runSuite(SuiteRunnerWorker.java:53)
at org.testng.SuiteRunnerWorker.run(SuiteRunnerWorker.java:96)
at org.testng.TestNG.runSuitesSequentially(TestNG.java:1212)
at org.testng.TestNG.runSuitesLocally(TestNG.java:1134)
at org.testng.TestNG.runSuites(TestNG.java:1063)
at org.testng.TestNG.run(TestNG.java:1031)
at org.testng.remote.AbstractRemoteTestNG.run(AbstractRemoteTestNG.java:115)
at org.testng.remote.RemoteTestNG.initAndRun(RemoteTestNG.java:251)
at org.testng.remote.RemoteTestNG.main(RemoteTestNG.java:77)
]]>
            </full-stacktrace>
          </exception> <!-- java.lang.Throwable -->
          <reporter-output>
          </reporter-output>
        </test-method> <!-- ESH_A_OS_03_testAddToCart -->
        <test-method signature="ESH_A_CT_01_testDeleteOfferFromCart(org.testng.ITestContext)[pri:0, instance:testCases.gomo.api.TestGoMoEshopAPI@68878f6d]" started-at="2022-04-28T21:51:51 IST" name="ESH_A_CT_01_testDeleteOfferFromCart" description="ESH_A_CT_01: GoMo eShop API: Update customer details" finished-at="2022-04-28T21:51:51 IST" depends-on-methods="testCases.gomo.api.TestGoMoEshopAPI.ESH_A_OS_03_testAddToCart" duration-ms="0" status="SKIP">
          <exception class="java.lang.Throwable">
            <message>
              <![CDATA[Method TestGoMoEshopAPI.ESH_A_CT_01_testDeleteOfferFromCart(org.testng.ITestContext)[pri:0, instance:testCases.gomo.api.TestGoMoEshopAPI@68878f6d] depends on not successfully finished methods]]>
            </message>
            <full-stacktrace>
              <![CDATA[java.lang.Throwable: Method TestGoMoEshopAPI.ESH_A_CT_01_testDeleteOfferFromCart(org.testng.ITestContext)[pri:0, instance:testCases.gomo.api.TestGoMoEshopAPI@68878f6d] depends on not successfully finished methods
at org.testng.internal.TestInvoker.invokeTestMethods(TestInvoker.java:102)
at org.testng.internal.TestMethodWorker.invokeTestMethods(TestMethodWorker.java:146)
at org.testng.internal.TestMethodWorker.run(TestMethodWorker.java:128)
at java.base/java.util.ArrayList.forEach(ArrayList.java:1511)
at org.testng.TestRunner.privateRun(TestRunner.java:794)
at org.testng.TestRunner.run(TestRunner.java:596)
at org.testng.SuiteRunner.runTest(SuiteRunner.java:377)
at org.testng.SuiteRunner.runSequentially(SuiteRunner.java:371)
at org.testng.SuiteRunner.privateRun(SuiteRunner.java:332)
at org.testng.SuiteRunner.run(SuiteRunner.java:276)
at org.testng.SuiteRunnerWorker.runSuite(SuiteRunnerWorker.java:53)
at org.testng.SuiteRunnerWorker.run(SuiteRunnerWorker.java:96)
at org.testng.TestNG.runSuitesSequentially(TestNG.java:1212)
at org.testng.TestNG.runSuitesLocally(TestNG.java:1134)
at org.testng.TestNG.runSuites(TestNG.java:1063)
at org.testng.TestNG.run(TestNG.java:1031)
at org.testng.remote.AbstractRemoteTestNG.run(AbstractRemoteTestNG.java:115)
at org.testng.remote.RemoteTestNG.initAndRun(RemoteTestNG.java:251)
at org.testng.remote.RemoteTestNG.main(RemoteTestNG.java:77)
]]>
            </full-stacktrace>
          </exception> <!-- java.lang.Throwable -->
          <reporter-output>
          </reporter-output>
        </test-method> <!-- ESH_A_CT_01_testDeleteOfferFromCart -->
        <test-method signature="ESH_A_CT_02_testGetCart(org.testng.ITestContext)[pri:0, instance:testCases.gomo.api.TestGoMoEshopAPI@68878f6d]" started-at="2022-04-28T21:51:51 IST" name="ESH_A_CT_02_testGetCart" description="ESH_A_CT_02: GoMo eShop API: Get cart details" finished-at="2022-04-28T21:51:51 IST" depends-on-methods="testCases.gomo.api.TestGoMoEshopAPI.ESH_A_OS_03_testAddToCart" duration-ms="0" status="SKIP">
          <exception class="java.lang.Throwable">
            <message>
              <![CDATA[Method TestGoMoEshopAPI.ESH_A_CT_02_testGetCart(org.testng.ITestContext)[pri:0, instance:testCases.gomo.api.TestGoMoEshopAPI@68878f6d] depends on not successfully finished methods]]>
            </message>
            <full-stacktrace>
              <![CDATA[java.lang.Throwable: Method TestGoMoEshopAPI.ESH_A_CT_02_testGetCart(org.testng.ITestContext)[pri:0, instance:testCases.gomo.api.TestGoMoEshopAPI@68878f6d] depends on not successfully finished methods
at org.testng.internal.TestInvoker.invokeTestMethods(TestInvoker.java:102)
at org.testng.internal.TestMethodWorker.invokeTestMethods(TestMethodWorker.java:146)
at org.testng.internal.TestMethodWorker.run(TestMethodWorker.java:128)
at java.base/java.util.ArrayList.forEach(ArrayList.java:1511)
at org.testng.TestRunner.privateRun(TestRunner.java:794)
at org.testng.TestRunner.run(TestRunner.java:596)
at org.testng.SuiteRunner.runTest(SuiteRunner.java:377)
at org.testng.SuiteRunner.runSequentially(SuiteRunner.java:371)
at org.testng.SuiteRunner.privateRun(SuiteRunner.java:332)
at org.testng.SuiteRunner.run(SuiteRunner.java:276)
at org.testng.SuiteRunnerWorker.runSuite(SuiteRunnerWorker.java:53)
at org.testng.SuiteRunnerWorker.run(SuiteRunnerWorker.java:96)
at org.testng.TestNG.runSuitesSequentially(TestNG.java:1212)
at org.testng.TestNG.runSuitesLocally(TestNG.java:1134)
at org.testng.TestNG.runSuites(TestNG.java:1063)
at org.testng.TestNG.run(TestNG.java:1031)
at org.testng.remote.AbstractRemoteTestNG.run(AbstractRemoteTestNG.java:115)
at org.testng.remote.RemoteTestNG.initAndRun(RemoteTestNG.java:251)
at org.testng.remote.RemoteTestNG.main(RemoteTestNG.java:77)
]]>
            </full-stacktrace>
          </exception> <!-- java.lang.Throwable -->
          <reporter-output>
          </reporter-output>
        </test-method> <!-- ESH_A_CT_02_testGetCart -->
        <test-method signature="ESH_A_CD_01_testUpdateCustomerDetails(org.testng.ITestContext)[pri:0, instance:testCases.gomo.api.TestGoMoEshopAPI@68878f6d]" started-at="2022-04-28T21:51:51 IST" name="ESH_A_CD_01_testUpdateCustomerDetails" description="ESH_A_CD_01: GoMo eShop API: Update customer details" finished-at="2022-04-28T21:51:51 IST" depends-on-methods="testCases.gomo.api.TestGoMoEshopAPI.ESH_A_OS_03_testAddToCart" duration-ms="0" status="SKIP">
          <exception class="java.lang.Throwable">
            <message>
              <![CDATA[Method TestGoMoEshopAPI.ESH_A_CD_01_testUpdateCustomerDetails(org.testng.ITestContext)[pri:0, instance:testCases.gomo.api.TestGoMoEshopAPI@68878f6d] depends on not successfully finished methods]]>
            </message>
            <full-stacktrace>
              <![CDATA[java.lang.Throwable: Method TestGoMoEshopAPI.ESH_A_CD_01_testUpdateCustomerDetails(org.testng.ITestContext)[pri:0, instance:testCases.gomo.api.TestGoMoEshopAPI@68878f6d] depends on not successfully finished methods
at org.testng.internal.TestInvoker.invokeTestMethods(TestInvoker.java:102)
at org.testng.internal.TestMethodWorker.invokeTestMethods(TestMethodWorker.java:146)
at org.testng.internal.TestMethodWorker.run(TestMethodWorker.java:128)
at java.base/java.util.ArrayList.forEach(ArrayList.java:1511)
at org.testng.TestRunner.privateRun(TestRunner.java:794)
at org.testng.TestRunner.run(TestRunner.java:596)
at org.testng.SuiteRunner.runTest(SuiteRunner.java:377)
at org.testng.SuiteRunner.runSequentially(SuiteRunner.java:371)
at org.testng.SuiteRunner.privateRun(SuiteRunner.java:332)
at org.testng.SuiteRunner.run(SuiteRunner.java:276)
at org.testng.SuiteRunnerWorker.runSuite(SuiteRunnerWorker.java:53)
at org.testng.SuiteRunnerWorker.run(SuiteRunnerWorker.java:96)
at org.testng.TestNG.runSuitesSequentially(TestNG.java:1212)
at org.testng.TestNG.runSuitesLocally(TestNG.java:1134)
at org.testng.TestNG.runSuites(TestNG.java:1063)
at org.testng.TestNG.run(TestNG.java:1031)
at org.testng.remote.AbstractRemoteTestNG.run(AbstractRemoteTestNG.java:115)
at org.testng.remote.RemoteTestNG.initAndRun(RemoteTestNG.java:251)
at org.testng.remote.RemoteTestNG.main(RemoteTestNG.java:77)
]]>
            </full-stacktrace>
          </exception> <!-- java.lang.Throwable -->
          <reporter-output>
          </reporter-output>
        </test-method> <!-- ESH_A_CD_01_testUpdateCustomerDetails -->
        <test-method signature="ESH_A_CD_03_getCustomerDetails(org.testng.ITestContext)[pri:0, instance:testCases.gomo.api.TestGoMoEshopAPI@68878f6d]" started-at="2022-04-28T21:51:51 IST" name="ESH_A_CD_03_getCustomerDetails" description="ESH_A_CD_03: GoMo eShop API: Get customer details" finished-at="2022-04-28T21:51:51 IST" depends-on-methods="testCases.gomo.api.TestGoMoEshopAPI.ESH_A_CD_01_testUpdateCustomerDetails" duration-ms="0" status="SKIP">
          <exception class="java.lang.Throwable">
            <message>
              <![CDATA[Method TestGoMoEshopAPI.ESH_A_CD_03_getCustomerDetails(org.testng.ITestContext)[pri:0, instance:testCases.gomo.api.TestGoMoEshopAPI@68878f6d] depends on not successfully finished methods]]>
            </message>
            <full-stacktrace>
              <![CDATA[java.lang.Throwable: Method TestGoMoEshopAPI.ESH_A_CD_03_getCustomerDetails(org.testng.ITestContext)[pri:0, instance:testCases.gomo.api.TestGoMoEshopAPI@68878f6d] depends on not successfully finished methods
at org.testng.internal.TestInvoker.invokeTestMethods(TestInvoker.java:102)
at org.testng.internal.TestMethodWorker.invokeTestMethods(TestMethodWorker.java:146)
at org.testng.internal.TestMethodWorker.run(TestMethodWorker.java:128)
at java.base/java.util.ArrayList.forEach(ArrayList.java:1511)
at org.testng.TestRunner.privateRun(TestRunner.java:794)
at org.testng.TestRunner.run(TestRunner.java:596)
at org.testng.SuiteRunner.runTest(SuiteRunner.java:377)
at org.testng.SuiteRunner.runSequentially(SuiteRunner.java:371)
at org.testng.SuiteRunner.privateRun(SuiteRunner.java:332)
at org.testng.SuiteRunner.run(SuiteRunner.java:276)
at org.testng.SuiteRunnerWorker.runSuite(SuiteRunnerWorker.java:53)
at org.testng.SuiteRunnerWorker.run(SuiteRunnerWorker.java:96)
at org.testng.TestNG.runSuitesSequentially(TestNG.java:1212)
at org.testng.TestNG.runSuitesLocally(TestNG.java:1134)
at org.testng.TestNG.runSuites(TestNG.java:1063)
at org.testng.TestNG.run(TestNG.java:1031)
at org.testng.remote.AbstractRemoteTestNG.run(AbstractRemoteTestNG.java:115)
at org.testng.remote.RemoteTestNG.initAndRun(RemoteTestNG.java:251)
at org.testng.remote.RemoteTestNG.main(RemoteTestNG.java:77)
]]>
            </full-stacktrace>
          </exception> <!-- java.lang.Throwable -->
          <reporter-output>
          </reporter-output>
        </test-method> <!-- ESH_A_CD_03_getCustomerDetails -->
        <test-method signature="ESH_A_CD_04_acceptTermsAndConditions(org.testng.ITestContext)[pri:0, instance:testCases.gomo.api.TestGoMoEshopAPI@68878f6d]" started-at="2022-04-28T21:51:51 IST" name="ESH_A_CD_04_acceptTermsAndConditions" description="ESH_A_CD_04: GoMo eShop API: Accept terms &amp; conditions" finished-at="2022-04-28T21:51:51 IST" depends-on-methods="testCases.gomo.api.TestGoMoEshopAPI.ESH_A_CD_01_testUpdateCustomerDetails" duration-ms="0" status="SKIP">
          <exception class="java.lang.Throwable">
            <message>
              <![CDATA[Method TestGoMoEshopAPI.ESH_A_CD_04_acceptTermsAndConditions(org.testng.ITestContext)[pri:0, instance:testCases.gomo.api.TestGoMoEshopAPI@68878f6d] depends on not successfully finished methods]]>
            </message>
            <full-stacktrace>
              <![CDATA[java.lang.Throwable: Method TestGoMoEshopAPI.ESH_A_CD_04_acceptTermsAndConditions(org.testng.ITestContext)[pri:0, instance:testCases.gomo.api.TestGoMoEshopAPI@68878f6d] depends on not successfully finished methods
at org.testng.internal.TestInvoker.invokeTestMethods(TestInvoker.java:102)
at org.testng.internal.TestMethodWorker.invokeTestMethods(TestMethodWorker.java:146)
at org.testng.internal.TestMethodWorker.run(TestMethodWorker.java:128)
at java.base/java.util.ArrayList.forEach(ArrayList.java:1511)
at org.testng.TestRunner.privateRun(TestRunner.java:794)
at org.testng.TestRunner.run(TestRunner.java:596)
at org.testng.SuiteRunner.runTest(SuiteRunner.java:377)
at org.testng.SuiteRunner.runSequentially(SuiteRunner.java:371)
at org.testng.SuiteRunner.privateRun(SuiteRunner.java:332)
at org.testng.SuiteRunner.run(SuiteRunner.java:276)
at org.testng.SuiteRunnerWorker.runSuite(SuiteRunnerWorker.java:53)
at org.testng.SuiteRunnerWorker.run(SuiteRunnerWorker.java:96)
at org.testng.TestNG.runSuitesSequentially(TestNG.java:1212)
at org.testng.TestNG.runSuitesLocally(TestNG.java:1134)
at org.testng.TestNG.runSuites(TestNG.java:1063)
at org.testng.TestNG.run(TestNG.java:1031)
at org.testng.remote.AbstractRemoteTestNG.run(AbstractRemoteTestNG.java:115)
at org.testng.remote.RemoteTestNG.initAndRun(RemoteTestNG.java:251)
at org.testng.remote.RemoteTestNG.main(RemoteTestNG.java:77)
]]>
            </full-stacktrace>
          </exception> <!-- java.lang.Throwable -->
          <reporter-output>
          </reporter-output>
        </test-method> <!-- ESH_A_CD_04_acceptTermsAndConditions -->
        <test-method signature="ESH_A_SU_01_getHostedPaymentPage(org.testng.ITestContext)[pri:0, instance:testCases.gomo.api.TestGoMoEshopAPI@68878f6d]" started-at="2022-04-28T21:51:51 IST" name="ESH_A_SU_01_getHostedPaymentPage" description="ESH_A_SU_01: GoMo eShop API: Generate hosted payment page (HPP)" finished-at="2022-04-28T21:51:51 IST" depends-on-methods="testCases.gomo.api.TestGoMoEshopAPI.ESH_A_CD_04_acceptTermsAndConditions" duration-ms="0" status="SKIP">
          <exception class="java.lang.Throwable">
            <message>
              <![CDATA[Method TestGoMoEshopAPI.ESH_A_SU_01_getHostedPaymentPage(org.testng.ITestContext)[pri:0, instance:testCases.gomo.api.TestGoMoEshopAPI@68878f6d] depends on not successfully finished methods]]>
            </message>
            <full-stacktrace>
              <![CDATA[java.lang.Throwable: Method TestGoMoEshopAPI.ESH_A_SU_01_getHostedPaymentPage(org.testng.ITestContext)[pri:0, instance:testCases.gomo.api.TestGoMoEshopAPI@68878f6d] depends on not successfully finished methods
at org.testng.internal.TestInvoker.invokeTestMethods(TestInvoker.java:102)
at org.testng.internal.TestMethodWorker.invokeTestMethods(TestMethodWorker.java:146)
at org.testng.internal.TestMethodWorker.run(TestMethodWorker.java:128)
at java.base/java.util.ArrayList.forEach(ArrayList.java:1511)
at org.testng.TestRunner.privateRun(TestRunner.java:794)
at org.testng.TestRunner.run(TestRunner.java:596)
at org.testng.SuiteRunner.runTest(SuiteRunner.java:377)
at org.testng.SuiteRunner.runSequentially(SuiteRunner.java:371)
at org.testng.SuiteRunner.privateRun(SuiteRunner.java:332)
at org.testng.SuiteRunner.run(SuiteRunner.java:276)
at org.testng.SuiteRunnerWorker.runSuite(SuiteRunnerWorker.java:53)
at org.testng.SuiteRunnerWorker.run(SuiteRunnerWorker.java:96)
at org.testng.TestNG.runSuitesSequentially(TestNG.java:1212)
at org.testng.TestNG.runSuitesLocally(TestNG.java:1134)
at org.testng.TestNG.runSuites(TestNG.java:1063)
at org.testng.TestNG.run(TestNG.java:1031)
at org.testng.remote.AbstractRemoteTestNG.run(AbstractRemoteTestNG.java:115)
at org.testng.remote.RemoteTestNG.initAndRun(RemoteTestNG.java:251)
at org.testng.remote.RemoteTestNG.main(RemoteTestNG.java:77)
]]>
            </full-stacktrace>
          </exception> <!-- java.lang.Throwable -->
          <reporter-output>
          </reporter-output>
        </test-method> <!-- ESH_A_SU_01_getHostedPaymentPage -->
        <test-method signature="simulatePayment3DS2(org.testng.ITestContext)[pri:0, instance:testCases.gomo.api.TestGoMoEshopAPI@68878f6d]" started-at="2022-04-28T21:51:51 IST" name="simulatePayment3DS2" description="Make a payment using Elavon&#039;s internal APIs" finished-at="2022-04-28T21:51:51 IST" depends-on-methods="testCases.gomo.api.TestGoMoEshopAPI.ESH_A_SU_01_getHostedPaymentPage" duration-ms="0" status="SKIP">
          <exception class="java.lang.Throwable">
            <message>
              <![CDATA[Method TestGoMoEshopAPI.simulatePayment3DS2(org.testng.ITestContext)[pri:0, instance:testCases.gomo.api.TestGoMoEshopAPI@68878f6d] depends on not successfully finished methods]]>
            </message>
            <full-stacktrace>
              <![CDATA[java.lang.Throwable: Method TestGoMoEshopAPI.simulatePayment3DS2(org.testng.ITestContext)[pri:0, instance:testCases.gomo.api.TestGoMoEshopAPI@68878f6d] depends on not successfully finished methods
at org.testng.internal.TestInvoker.invokeTestMethods(TestInvoker.java:102)
at org.testng.internal.TestMethodWorker.invokeTestMethods(TestMethodWorker.java:146)
at org.testng.internal.TestMethodWorker.run(TestMethodWorker.java:128)
at java.base/java.util.ArrayList.forEach(ArrayList.java:1511)
at org.testng.TestRunner.privateRun(TestRunner.java:794)
at org.testng.TestRunner.run(TestRunner.java:596)
at org.testng.SuiteRunner.runTest(SuiteRunner.java:377)
at org.testng.SuiteRunner.runSequentially(SuiteRunner.java:371)
at org.testng.SuiteRunner.privateRun(SuiteRunner.java:332)
at org.testng.SuiteRunner.run(SuiteRunner.java:276)
at org.testng.SuiteRunnerWorker.runSuite(SuiteRunnerWorker.java:53)
at org.testng.SuiteRunnerWorker.run(SuiteRunnerWorker.java:96)
at org.testng.TestNG.runSuitesSequentially(TestNG.java:1212)
at org.testng.TestNG.runSuitesLocally(TestNG.java:1134)
at org.testng.TestNG.runSuites(TestNG.java:1063)
at org.testng.TestNG.run(TestNG.java:1031)
at org.testng.remote.AbstractRemoteTestNG.run(AbstractRemoteTestNG.java:115)
at org.testng.remote.RemoteTestNG.initAndRun(RemoteTestNG.java:251)
at org.testng.remote.RemoteTestNG.main(RemoteTestNG.java:77)
]]>
            </full-stacktrace>
          </exception> <!-- java.lang.Throwable -->
          <reporter-output>
          </reporter-output>
        </test-method> <!-- simulatePayment3DS2 -->
        <test-method signature="ESH_A_SU_02_testValidateProspect(org.testng.ITestContext)[pri:0, instance:testCases.gomo.api.TestGoMoEshopAPI@68878f6d]" started-at="2022-04-28T21:51:51 IST" name="ESH_A_SU_02_testValidateProspect" description="ESH_A_SU_02: Validate prospect payment" finished-at="2022-04-28T21:51:51 IST" depends-on-methods="testCases.gomo.api.TestGoMoEshopAPI.simulatePayment3DS2" duration-ms="0" status="SKIP">
          <exception class="java.lang.Throwable">
            <message>
              <![CDATA[Method TestGoMoEshopAPI.ESH_A_SU_02_testValidateProspect(org.testng.ITestContext)[pri:0, instance:testCases.gomo.api.TestGoMoEshopAPI@68878f6d] depends on not successfully finished methods]]>
            </message>
            <full-stacktrace>
              <![CDATA[java.lang.Throwable: Method TestGoMoEshopAPI.ESH_A_SU_02_testValidateProspect(org.testng.ITestContext)[pri:0, instance:testCases.gomo.api.TestGoMoEshopAPI@68878f6d] depends on not successfully finished methods
at org.testng.internal.TestInvoker.invokeTestMethods(TestInvoker.java:102)
at org.testng.internal.TestMethodWorker.invokeTestMethods(TestMethodWorker.java:146)
at org.testng.internal.TestMethodWorker.run(TestMethodWorker.java:128)
at java.base/java.util.ArrayList.forEach(ArrayList.java:1511)
at org.testng.TestRunner.privateRun(TestRunner.java:794)
at org.testng.TestRunner.run(TestRunner.java:596)
at org.testng.SuiteRunner.runTest(SuiteRunner.java:377)
at org.testng.SuiteRunner.runSequentially(SuiteRunner.java:371)
at org.testng.SuiteRunner.privateRun(SuiteRunner.java:332)
at org.testng.SuiteRunner.run(SuiteRunner.java:276)
at org.testng.SuiteRunnerWorker.runSuite(SuiteRunnerWorker.java:53)
at org.testng.SuiteRunnerWorker.run(SuiteRunnerWorker.java:96)
at org.testng.TestNG.runSuitesSequentially(TestNG.java:1212)
at org.testng.TestNG.runSuitesLocally(TestNG.java:1134)
at org.testng.TestNG.runSuites(TestNG.java:1063)
at org.testng.TestNG.run(TestNG.java:1031)
at org.testng.remote.AbstractRemoteTestNG.run(AbstractRemoteTestNG.java:115)
at org.testng.remote.RemoteTestNG.initAndRun(RemoteTestNG.java:251)
at org.testng.remote.RemoteTestNG.main(RemoteTestNG.java:77)
]]>
            </full-stacktrace>
          </exception> <!-- java.lang.Throwable -->
          <reporter-output>
          </reporter-output>
        </test-method> <!-- ESH_A_SU_02_testValidateProspect -->
        <test-method signature="testOrderCompletion(org.testng.ITestContext)[pri:0, instance:testCases.gomo.api.TestGoMoEshopAPI@68878f6d]" started-at="2022-04-28T21:51:51 IST" name="testOrderCompletion" description="Test: Verify order completion and provisioning" finished-at="2022-04-28T21:51:51 IST" depends-on-methods="testCases.gomo.api.TestGoMoEshopAPI.ESH_A_SU_02_testValidateProspect" duration-ms="0" status="SKIP">
          <exception class="java.lang.Throwable">
            <message>
              <![CDATA[Method TestGoMoEshopAPI.testOrderCompletion(org.testng.ITestContext)[pri:0, instance:testCases.gomo.api.TestGoMoEshopAPI@68878f6d] depends on not successfully finished methods]]>
            </message>
            <full-stacktrace>
              <![CDATA[java.lang.Throwable: Method TestGoMoEshopAPI.testOrderCompletion(org.testng.ITestContext)[pri:0, instance:testCases.gomo.api.TestGoMoEshopAPI@68878f6d] depends on not successfully finished methods
at org.testng.internal.TestInvoker.invokeTestMethods(TestInvoker.java:102)
at org.testng.internal.TestMethodWorker.invokeTestMethods(TestMethodWorker.java:146)
at org.testng.internal.TestMethodWorker.run(TestMethodWorker.java:128)
at java.base/java.util.ArrayList.forEach(ArrayList.java:1511)
at org.testng.TestRunner.privateRun(TestRunner.java:794)
at org.testng.TestRunner.run(TestRunner.java:596)
at org.testng.SuiteRunner.runTest(SuiteRunner.java:377)
at org.testng.SuiteRunner.runSequentially(SuiteRunner.java:371)
at org.testng.SuiteRunner.privateRun(SuiteRunner.java:332)
at org.testng.SuiteRunner.run(SuiteRunner.java:276)
at org.testng.SuiteRunnerWorker.runSuite(SuiteRunnerWorker.java:53)
at org.testng.SuiteRunnerWorker.run(SuiteRunnerWorker.java:96)
at org.testng.TestNG.runSuitesSequentially(TestNG.java:1212)
at org.testng.TestNG.runSuitesLocally(TestNG.java:1134)
at org.testng.TestNG.runSuites(TestNG.java:1063)
at org.testng.TestNG.run(TestNG.java:1031)
at org.testng.remote.AbstractRemoteTestNG.run(AbstractRemoteTestNG.java:115)
at org.testng.remote.RemoteTestNG.initAndRun(RemoteTestNG.java:251)
at org.testng.remote.RemoteTestNG.main(RemoteTestNG.java:77)
]]>
            </full-stacktrace>
          </exception> <!-- java.lang.Throwable -->
          <reporter-output>
          </reporter-output>
        </test-method> <!-- testOrderCompletion -->
        <test-method is-config="true" signature="tearDown()[pri:0, instance:testCases.gomo.api.TestGoMoEshopAPI@68878f6d]" started-at="2022-04-28T21:51:51 IST" name="tearDown" finished-at="2022-04-28T21:51:51 IST" duration-ms="0" status="PASS">
          <reporter-output>
          </reporter-output>
        </test-method> <!-- tearDown -->
        <test-method is-config="true" signature="afterSuite()[pri:0, instance:testCases.gomo.api.TestGoMoEshopAPI@68878f6d]" started-at="2022-04-28T21:51:54 IST" name="afterSuite" finished-at="2022-04-28T21:51:54 IST" duration-ms="1" status="PASS">
          <reporter-output>
          </reporter-output>
        </test-method> <!-- afterSuite -->
      </class> <!-- testCases.gomo.api.TestGoMoEshopAPI -->
    </test> <!-- Test -->
  </suite> <!-- GoMo eShop API Test Suite -->
</testng-results>
