<?xml version="1.0" encoding="UTF-8"?>
<!-- Generated by org.testng.reporters.JUnitXMLReporter -->
<testsuite ignored="0" hostname="DESKTOP-DE4P3P6" failures="3" tests="27" name="MyGoMo Self-care Test" time="34.762" errors="0" timestamp="2022-04-28T21:49:01 IST">
  <testcase classname="testCases.gomo.ui.GoMoSelfCareTests" name="UI_MGO_A_LP_01_testLoginToMyGoMo" time="1.004">
    <failure type="java.lang.NullPointerException" message="Cannot invoke &amp;quot;java.lang.CharSequence.toString()&amp;quot; because &amp;quot;replacement&amp;quot; is null">
      <![CDATA[java.lang.NullPointerException: Cannot invoke "java.lang.CharSequence.toString()" because "replacement" is null
at java.base/java.lang.String.replace(String.java:2158)
at microservices.backend.eir_contact_management_backend.dao.ContactManagementDAO.getEmailForUuid(ContactManagementDAO.java:69)
at microservices.backend.eir_contact_management_backend.dao.ContactManagementDAO.getEmailAddressForUUID(ContactManagementDAO.java:83)
at testCases.gomo.ui.GoMoSelfCareTests.UI_MGO_A_LP_01_testLoginToMyGoMo(GoMoSelfCareTests.java:116)
at java.base/java.util.ArrayList.forEach(ArrayList.java:1511)
... Removed 27 stack frames]]>
    </failure>
  </testcase> <!-- UI_MGO_A_LP_01_testLoginToMyGoMo -->
  <testcase classname="testCases.gomo.ui.GoMoSelfCareTests" name="UI_MGO_A_LP_02_testForgottenEmail" time="0.266">
    <skipped/>
  </testcase> <!-- UI_MGO_A_LP_02_testForgottenEmail -->
  <testcase classname="testCases.gomo.ui.GoMoSelfCareTests" name="UI_MGO_A_LP_02_testForgottenEmail" time="0.259">
    <failure type="java.lang.IndexOutOfBoundsException" message="Index 0 out of bounds for length 0">
      <![CDATA[java.lang.IndexOutOfBoundsException: Index 0 out of bounds for length 0
at java.base/jdk.internal.util.Preconditions.outOfBounds(Preconditions.java:64)
at java.base/jdk.internal.util.Preconditions.outOfBoundsCheckIndex(Preconditions.java:70)
at java.base/jdk.internal.util.Preconditions.checkIndex(Preconditions.java:248)
at java.base/java.util.Objects.checkIndex(Objects.java:373)
at java.base/java.util.ArrayList.get(ArrayList.java:427)
at microservices.backend.eir_subscription_management_backend.SubscriptionManagementDAO.getActiveService(SubscriptionManagementDAO.java:931)
at testCases.gomo.ui.GoMoSelfCareTests.UI_MGO_A_LP_02_testForgottenEmail(GoMoSelfCareTests.java:130)
at java.base/java.util.ArrayList.forEach(ArrayList.java:1511)
... Removed 27 stack frames]]>
    </failure>
  </testcase> <!-- UI_MGO_A_LP_02_testForgottenEmail -->
  <testcase classname="testCases.gomo.ui.GoMoSelfCareTests" name="UI_MGO_A_LP_03_testForgotPassword" time="5.77">
    <skipped/>
  </testcase> <!-- UI_MGO_A_LP_03_testForgotPassword -->
  <testcase classname="testCases.gomo.ui.GoMoSelfCareTests" name="UI_MGO_A_LP_03_testForgotPassword" time="15.285">
    <failure type="org.openqa.selenium.SessionNotCreatedException" message="session not created
from chrome not reachable
  (Session info: chrome=100.0.4896.127)
  (Driver info: chromedriver=2.43.600210 (68dcf5eebde37173d4027fa8635e332711d2874a),platform=Windows NT 10.0.19044 x86_64) (WARNING: The server did not provide any stacktrace information)
Command duration or timeout: 14.72 seconds
Build info: version: &amp;apos;3.4.0&amp;apos;, revision: &amp;apos;unknown&amp;apos;, time: &amp;apos;unknown&amp;apos;
System info: host: &amp;apos;DESKTOP-DE4P3P6&amp;apos;, ip: &amp;apos;192.168.0.31&amp;apos;, os.name: &amp;apos;Windows 10&amp;apos;, os.arch: &amp;apos;amd64&amp;apos;, os.version: &amp;apos;10.0&amp;apos;, java.version: &amp;apos;14.0.2&amp;apos;
Driver info: driver.version: ChromeDriver">
      <![CDATA[org.openqa.selenium.SessionNotCreatedException: session not created
from chrome not reachable
  (Session info: chrome=100.0.4896.127)
  (Driver info: chromedriver=2.43.600210 (68dcf5eebde37173d4027fa8635e332711d2874a),platform=Windows NT 10.0.19044 x86_64) (WARNING: The server did not provide any stacktrace information)
Command duration or timeout: 14.72 seconds
Build info: version: '3.4.0', revision: 'unknown', time: 'unknown'
System info: host: 'DESKTOP-DE4P3P6', ip: '192.168.0.31', os.name: 'Windows 10', os.arch: 'amd64', os.version: '10.0', java.version: '14.0.2'
Driver info: driver.version: ChromeDriver
at org.openqa.selenium.remote.ErrorHandler.createThrowable(ErrorHandler.java:215)
at org.openqa.selenium.remote.ErrorHandler.throwIfResponseFailed(ErrorHandler.java:167)
at org.openqa.selenium.remote.JsonWireProtocolResponse.lambda$new$0(JsonWireProtocolResponse.java:53)
at org.openqa.selenium.remote.JsonWireProtocolResponse.lambda$getResponseFunction$2(JsonWireProtocolResponse.java:91)
at org.openqa.selenium.remote.ProtocolHandshake.lambda$createSession$22(ProtocolHandshake.java:365)
at java.base/java.util.stream.ReferencePipeline$3$1.accept(ReferencePipeline.java:195)
at java.base/java.util.Spliterators$ArraySpliterator.tryAdvance(Spliterators.java:958)
at java.base/java.util.stream.ReferencePipeline.forEachWithCancel(ReferencePipeline.java:127)
at java.base/java.util.stream.AbstractPipeline.copyIntoWithCancel(AbstractPipeline.java:502)
at java.base/java.util.stream.AbstractPipeline.copyInto(AbstractPipeline.java:488)
at java.base/java.util.stream.AbstractPipeline.wrapAndCopyInto(AbstractPipeline.java:474)
at java.base/java.util.stream.FindOps$FindOp.evaluateSequential(FindOps.java:150)
at java.base/java.util.stream.AbstractPipeline.evaluate(AbstractPipeline.java:234)
at java.base/java.util.stream.ReferencePipeline.findFirst(ReferencePipeline.java:543)
at org.openqa.selenium.remote.ProtocolHandshake.createSession(ProtocolHandshake.java:368)
at org.openqa.selenium.remote.ProtocolHandshake.createSession(ProtocolHandshake.java:159)
at org.openqa.selenium.remote.HttpCommandExecutor.execute(HttpCommandExecutor.java:142)
at org.openqa.selenium.remote.service.DriverCommandExecutor.execute(DriverCommandExecutor.java:82)
at org.openqa.selenium.remote.RemoteWebDriver.execute(RemoteWebDriver.java:637)
at org.openqa.selenium.remote.RemoteWebDriver.startSession(RemoteWebDriver.java:250)
at org.openqa.selenium.remote.RemoteWebDriver.startSession(RemoteWebDriver.java:236)
at org.openqa.selenium.remote.RemoteWebDriver.<init>(RemoteWebDriver.java:137)
at org.openqa.selenium.chrome.ChromeDriver.<init>(ChromeDriver.java:184)
at org.openqa.selenium.chrome.ChromeDriver.<init>(ChromeDriver.java:171)
at org.openqa.selenium.chrome.ChromeDriver.<init>(ChromeDriver.java:124)
at selenium.drivers.DriverFactory.getDriver(DriverFactory.java:20)
at testCases.gomo.ui.GoMoSelfCareTests.UI_MGO_A_LP_03_testForgotPassword(GoMoSelfCareTests.java:199)
at java.base/java.util.ArrayList.forEach(ArrayList.java:1511)
... Removed 32 stack frames]]>
    </failure>
  </testcase> <!-- UI_MGO_A_LP_03_testForgotPassword -->
  <testcase classname="testCases.gomo.ui.GoMoSelfCareTests" name="UI_MGO_A_PR_01_testViewEditContactPreferences" time="0.0">
    <skipped/>
  </testcase> <!-- UI_MGO_A_PR_01_testViewEditContactPreferences -->
  <testcase classname="testCases.gomo.ui.GoMoSelfCareTests" name="UI_MGO_A_PR_02_testMyProfileDetailsDisplayed" time="0.0">
    <skipped/>
  </testcase> <!-- UI_MGO_A_PR_02_testMyProfileDetailsDisplayed -->
  <testcase classname="testCases.gomo.ui.GoMoSelfCareTests" name="UI_MGO_A_PR_03_testResetPassword" time="0.0">
    <skipped/>
  </testcase> <!-- UI_MGO_A_PR_03_testResetPassword -->
  <testcase classname="testCases.gomo.ui.GoMoSelfCareTests" name="UI_MGO_A_PR_04_testChangeBothAddressesByEircode" time="0.0">
    <skipped/>
  </testcase> <!-- UI_MGO_A_PR_04_testChangeBothAddressesByEircode -->
  <testcase classname="testCases.gomo.ui.GoMoSelfCareTests" name="UI_MGO_A_PR_05_testUpdateEmail" time="0.0">
    <skipped/>
  </testcase> <!-- UI_MGO_A_PR_05_testUpdateEmail -->
  <testcase classname="testCases.gomo.ui.GoMoSelfCareTests" name="UI_MGO_A_PY_01_testAddNewCard" time="0.0">
    <skipped/>
  </testcase> <!-- UI_MGO_A_PY_01_testAddNewCard -->
  <testcase classname="testCases.gomo.ui.GoMoSelfCareTests" name="UI_MGO_A_PY_02_testMakeDefault" time="0.0">
    <skipped/>
  </testcase> <!-- UI_MGO_A_PY_02_testMakeDefault -->
  <testcase classname="testCases.gomo.ui.GoMoSelfCareTests" name="UI_MGO_A_PY_03_testEditExpiryDate" time="0.0">
    <skipped/>
  </testcase> <!-- UI_MGO_A_PY_03_testEditExpiryDate -->
  <testcase classname="testCases.gomo.ui.GoMoSelfCareTests" name="UI_MGO_A_PY_05_testAccountBalanceDisplayed" time="0.0">
    <skipped/>
  </testcase> <!-- UI_MGO_A_PY_05_testAccountBalanceDisplayed -->
  <testcase classname="testCases.gomo.ui.GoMoSelfCareTests" name="UI_MGO_A_PY_06_testMakePartialPayment" time="0.0">
    <skipped/>
  </testcase> <!-- UI_MGO_A_PY_06_testMakePartialPayment -->
  <testcase classname="testCases.gomo.ui.GoMoSelfCareTests" name="UI_MGO_A_PY_07_testViewTransactionHistory" time="0.0">
    <skipped/>
  </testcase> <!-- UI_MGO_A_PY_07_testViewTransactionHistory -->
  <testcase classname="testCases.gomo.ui.GoMoSelfCareTests" name="UI_MGO_A_AD_01_testAccountDetailsDispay" time="0.0">
    <skipped/>
  </testcase> <!-- UI_MGO_A_AD_01_testAccountDetailsDispay -->
  <testcase classname="testCases.gomo.ui.GoMoSelfCareTests" name="UI_MGO_A_AD_02_testNDDSettings" time="0.0">
    <skipped/>
  </testcase> <!-- UI_MGO_A_AD_02_testNDDSettings -->
  <testcase classname="testCases.gomo.ui.GoMoSelfCareTests" name="UI_MGO_A_AD_03_testOrderReplacementSIM" time="0.0">
    <skipped/>
  </testcase> <!-- UI_MGO_A_AD_03_testOrderReplacementSIM -->
  <testcase classname="testCases.gomo.ui.GoMoSelfCareTests" name="UI_MGO_A_AD_05_testViewOrders" time="0.0">
    <skipped/>
  </testcase> <!-- UI_MGO_A_AD_05_testViewOrders -->
  <testcase classname="testCases.gomo.ui.GoMoSelfCareTests" name="UI_MGO_A_NV_01_testNavigation" time="0.0">
    <skipped/>
  </testcase> <!-- UI_MGO_A_NV_01_testNavigation -->
  <testcase classname="testCases.gomo.ui.GoMoSelfCareTests" name="UI_MGO_A_NV_02_testFooterLinks" time="0.0">
    <skipped/>
  </testcase> <!-- UI_MGO_A_NV_02_testFooterLinks -->
  <testcase classname="testCases.gomo.ui.GoMoSelfCareTests" name="UI_MGO_A_NV_03_testHeaderLinks" time="0.0">
    <skipped/>
  </testcase> <!-- UI_MGO_A_NV_03_testHeaderLinks -->
  <testcase classname="testCases.gomo.ui.GoMoSelfCareTests" name="UI_MGO_A_AL_01_testWebAlerts" time="0.0">
    <skipped/>
  </testcase> <!-- UI_MGO_A_AL_01_testWebAlerts -->
  <testcase classname="testCases.gomo.ui.GoMoSelfCareTests" name="UI_MGO_A_US_01_testViewUsage" time="0.0">
    <skipped/>
  </testcase> <!-- UI_MGO_A_US_01_testViewUsage -->
  <testcase classname="testCases.gomo.ui.GoMoSelfCareTests" name="UI_MGO_A_PY_04_testRemoveCard" time="0.0">
    <skipped/>
  </testcase> <!-- UI_MGO_A_PY_04_testRemoveCard -->
  <testcase classname="testCases.gomo.ui.GoMoSelfCareTests" name="UI_MGO_A_AD_04_testActivateReplacementSIM" time="0.0">
    <skipped/>
  </testcase> <!-- UI_MGO_A_AD_04_testActivateReplacementSIM -->
</testsuite> <!-- MyGoMo Self-care Test -->
